{"meta": {"format": 3, "version": "7.13.4", "timestamp": "2026-02-12T20:45:22.242875", "branch_coverage": false, "show_contexts": false}, "files": {"pg_mcp_server\\__init__.py": {"executed_lines": [3], "summary": {"covered_lines": 1, "num_statements": 1, "percent_covered": 100.0, "percent_covered_display": "100", "missing_lines": 0, "excluded_lines": 0, "percent_statements_covered": 100.0, "percent_statements_covered_display": "100"}, "missing_lines": [], "excluded_lines": [], "functions": {"": {"executed_lines": [3], "summary": {"covered_lines": 1, "num_statements": 1, "percent_covered": 100.0, "percent_covered_display": "100", "missing_lines": 0, "excluded_lines": 0, "percent_statements_covered": 100.0, "percent_statements_covered_display": "100"}, "missing_lines": [], "excluded_lines": [], "start_line": 1}}, "classes": {"": {"executed_lines": [3], "summary": {"covered_lines": 1, "num_statements": 1, "percent_covered": 100.0, "percent_covered_display": "100", "missing_lines": 0, "excluded_lines": 0, "percent_statements_covered": 100.0, "percent_statements_covered_display": "100"}, "missing_lines": [], "excluded_lines": [], "start_line": 1}}}, "pg_mcp_server\\__main__.py": {"executed_lines": [], "summary": {"covered_lines": 0, "num_statements": 13, "percent_covered": 0.0, "percent_covered_display": "0", "missing_lines": 13, "excluded_lines": 0, "percent_statements_covered": 0.0, "percent_statements_covered_display": "0"}, "missing_lines": [3, 5, 8, 10, 11, 12, 13, 14, 15, 16, 17, 20, 21], "excluded_lines": [], "functions": {"main": {"executed_lines": [], "summary": {"covered_lines": 0, "num_statements": 8, "percent_covered": 0.0, "percent_covered_display": "0", "missing_lines": 8, "excluded_lines": 0, "percent_statements_covered": 0.0, "percent_statements_covered_display": "0"}, "missing_lines": [10, 11, 12, 13, 14, 15, 16, 17], "excluded_lines": [], "start_line": 8}, "": {"executed_lines": [], "summary": {"covered_lines": 0, "num_statements": 5, "percent_covered": 0.0, "percent_covered_display": "0", "missing_lines": 5, "excluded_lines": 0, "percent_statements_covered": 0.0, "percent_statements_covered_display": "0"}, "missing_lines": [3, 5, 8, 20, 21], "excluded_lines": [], "start_line": 1}}, "classes": {"": {"executed_lines": [], "summary": {"covered_lines": 0, "num_statements": 13, "percent_covered": 0.0, "percent_covered_display": "0", "missing_lines": 13, "excluded_lines": 0, "percent_statements_covered": 0.0, "percent_statements_covered_display": "0"}, "missing_lines": [3, 5, 8, 10, 11, 12, 13, 14, 15, 16, 17, 20, 21], "excluded_lines": [], "start_line": 1}}}, "pg_mcp_server\\config\\__init__.py": {"executed_lines": [3, 5], "summary": {"covered_lines": 2, "num_statements": 2, "percent_covered": 100.0, "percent_covered_display": "100", "missing_lines": 0, "excluded_lines": 0, "percent_statements_covered": 100.0, "percent_statements_covered_display": "100"}, "missing_lines": [], "excluded_lines": [], "functions": {"": {"executed_lines": [3, 5], "summary": {"covered_lines": 2, "num_statements": 2, "percent_covered": 100.0, "percent_covered_display": "100", "missing_lines": 0, "excluded_lines": 0, "percent_statements_covered": 100.0, "percent_statements_covered_display": "100"}, "missing_lines": [], "excluded_lines": [], "start_line": 1}}, "classes": {"": {"executed_lines": [3, 5], "summary": {"covered_lines": 2, "num_statements": 2, "percent_covered": 100.0, "percent_covered_display": "100", "missing_lines": 0, "excluded_lines": 0, "percent_statements_covered": 100.0, "percent_statements_covered_display": "100"}, "missing_lines": [], "excluded_lines": [], "start_line": 1}}}, "pg_mcp_server\\config\\multi_database_settings.py": {"executed_lines": [3, 4, 6, 7, 8, 10, 13, 16, 17, 18, 19, 20, 21, 22, 25, 26, 27, 30, 33, 36, 37, 38, 39, 40, 43, 44, 45, 46, 49, 52, 53, 54, 57, 60, 61, 64, 67, 68, 69, 72, 75, 76, 77, 78, 81, 84, 85, 86, 87, 90, 93, 94, 95, 98, 101, 102, 103, 104, 105, 106, 107, 108, 110, 116, 118, 119, 120, 121, 123, 125, 126, 131, 132, 143, 144, 146, 147, 150, 151, 153, 156, 157, 159, 161, 162, 172, 175, 178, 185, 188, 190, 191, 193], "summary": {"covered_lines": 93, "num_statements": 97, "percent_covered": 95.87628865979381, "percent_covered_display": "96", "missing_lines": 4, "excluded_lines": 0, "percent_statements_covered": 95.87628865979381, "percent_statements_covered_display": "96"}, "missing_lines": [127, 128, 129, 189], "excluded_lines": [], "functions": {"MultiDatabaseSettings.get_database_config": {"executed_lines": [118, 119, 120, 121], "summary": {"covered_lines": 4, "num_statements": 4, "percent_covered": 100.0, "percent_covered_display": "100", "missing_lines": 0, "excluded_lines": 0, "percent_statements_covered": 100.0, "percent_statements_covered_display": "100"}, "missing_lines": [], "excluded_lines": [], "start_line": 116}, "MultiDatabaseSettings.get_default_database": {"executed_lines": [125, 126], "summary": {"covered_lines": 2, "num_statements": 5, "percent_covered": 40.0, "percent_covered_display": "40", "missing_lines": 3, "excluded_lines": 0, "percent_statements_covered": 40.0, "percent_statements_covered_display": "40"}, "missing_lines": [127, 128, 129], "excluded_lines": [], "start_line": 123}, "MultiDatabaseSettings.from_yaml": {"executed_lines": [143, 144, 146, 147, 150, 151, 153, 156, 157, 159], "summary": {"covered_lines": 10, "num_statements": 10, "percent_covered": 100.0, "percent_covered_display": "100", "missing_lines": 0, "excluded_lines": 0, "percent_statements_covered": 100.0, "percent_statements_covered_display": "100"}, "missing_lines": [], "excluded_lines": [], "start_line": 132}, "MultiDatabaseSettings._convert_single_to_multi_database": {"executed_lines": [172, 175, 178, 185, 188, 190, 191, 193], "summary": {"covered_lines": 8, "num_statements": 9, "percent_covered": 88.88888888888889, "percent_covered_display": "89", "missing_lines": 1, "excluded_lines": 0, "percent_statements_covered": 88.88888888888889, "percent_statements_covered_display": "89"}, "missing_lines": [189], "excluded_lines": [], "start_line": 162}, "": {"executed_lines": [3, 4, 6, 7, 8, 10, 13, 16, 17, 18, 19, 20, 21, 22, 25, 26, 27, 30, 33, 36, 37, 38, 39, 40, 43, 44, 45, 46, 49, 52, 53, 54, 57, 60, 61, 64, 67, 68, 69, 72, 75, 76, 77, 78, 81, 84, 85, 86, 87, 90, 93, 94, 95, 98, 101, 102, 103, 104, 105, 106, 107, 108, 110, 116, 123, 131, 132, 161, 162], "summary": {"covered_lines": 69, "num_statements": 69, "percent_covered": 100.0, "percent_covered_display": "100", "missing_lines": 0, "excluded_lines": 0, "percent_statements_covered": 100.0, "percent_statements_covered_display": "100"}, "missing_lines": [], "excluded_lines": [], "start_line": 1}}, "classes": {"DatabaseConnectionConfig": {"executed_lines": [], "summary": {"covered_lines": 0, "num_statements": 0, "percent_covered": 100.0, "percent_covered_display": "100", "missing_lines": 0, "excluded_lines": 0, "percent_statements_covered": 100.0, "percent_statements_covered_display": "100"}, "missing_lines": [], "excluded_lines": [], "start_line": 13}, "OpenAIConfig": {"executed_lines": [], "summary": {"covered_lines": 0, "num_statements": 0, "percent_covered": 100.0, "percent_covered_display": "100", "missing_lines": 0, "excluded_lines": 0, "percent_statements_covered": 100.0, "percent_statements_covered_display": "100"}, "missing_lines": [], "excluded_lines": [], "start_line": 33}, "QueryLimitsConfig": {"executed_lines": [], "summary": {"covered_lines": 0, "num_statements": 0, "percent_covered": 100.0, "percent_covered_display": "100", "missing_lines": 0, "excluded_lines": 0, "percent_statements_covered": 100.0, "percent_statements_covered_display": "100"}, "missing_lines": [], "excluded_lines": [], "start_line": 49}, "SchemaCacheConfig": {"executed_lines": [], "summary": {"covered_lines": 0, "num_statements": 0, "percent_covered": 100.0, "percent_covered_display": "100", "missing_lines": 0, "excluded_lines": 0, "percent_statements_covered": 100.0, "percent_statements_covered_display": "100"}, "missing_lines": [], "excluded_lines": [], "start_line": 57}, "RateLimitConfig": {"executed_lines": [], "summary": {"covered_lines": 0, "num_statements": 0, "percent_covered": 100.0, "percent_covered_display": "100", "missing_lines": 0, "excluded_lines": 0, "percent_statements_covered": 100.0, "percent_statements_covered_display": "100"}, "missing_lines": [], "excluded_lines": [], "start_line": 64}, "MetricsConfig": {"executed_lines": [], "summary": {"covered_lines": 0, "num_statements": 0, "percent_covered": 100.0, "percent_covered_display": "100", "missing_lines": 0, "excluded_lines": 0, "percent_statements_covered": 100.0, "percent_statements_covered_display": "100"}, "missing_lines": [], "excluded_lines": [], "start_line": 72}, "LoggingConfig": {"executed_lines": [], "summary": {"covered_lines": 0, "num_statements": 0, "percent_covered": 100.0, "percent_covered_display": "100", "missing_lines": 0, "excluded_lines": 0, "percent_statements_covered": 100.0, "percent_statements_covered_display": "100"}, "missing_lines": [], "excluded_lines": [], "start_line": 81}, "ServerConfig": {"executed_lines": [], "summary": {"covered_lines": 0, "num_statements": 0, "percent_covered": 100.0, "percent_covered_display": "100", "missing_lines": 0, "excluded_lines": 0, "percent_statements_covered": 100.0, "percent_statements_covered_display": "100"}, "missing_lines": [], "excluded_lines": [], "start_line": 90}, "MultiDatabaseSettings": {"executed_lines": [118, 119, 120, 121, 125, 126, 143, 144, 146, 147, 150, 151, 153, 156, 157, 159, 172, 175, 178, 185, 188, 190, 191, 193], "summary": {"covered_lines": 24, "num_statements": 28, "percent_covered": 85.71428571428571, "percent_covered_display": "86", "missing_lines": 4, "excluded_lines": 0, "percent_statements_covered": 85.71428571428571, "percent_statements_covered_display": "86"}, "missing_lines": [127, 128, 129, 189], "excluded_lines": [], "start_line": 98}, "": {"executed_lines": [3, 4, 6, 7, 8, 10, 13, 16, 17, 18, 19, 20, 21, 22, 25, 26, 27, 30, 33, 36, 37, 38, 39, 40, 43, 44, 45, 46, 49, 52, 53, 54, 57, 60, 61, 64, 67, 68, 69, 72, 75, 76, 77, 78, 81, 84, 85, 86, 87, 90, 93, 94, 95, 98, 101, 102, 103, 104, 105, 106, 107, 108, 110, 116, 123, 131, 132, 161, 162], "summary": {"covered_lines": 69, "num_statements": 69, "percent_covered": 100.0, "percent_covered_display": "100", "missing_lines": 0, "excluded_lines": 0, "percent_statements_covered": 100.0, "percent_statements_covered_display": "100"}, "missing_lines": [], "excluded_lines": [], "start_line": 1}}}, "pg_mcp_server\\config\\settings.py": {"executed_lines": [3, 4, 6, 7, 8, 11, 14, 15, 16, 17, 18, 21, 22, 23, 26, 29, 30, 31, 32, 33, 36, 37, 38, 39, 42, 45, 46, 47, 50, 53, 54, 57, 60, 61, 62, 63, 66, 69, 70, 73, 76, 77, 78, 79, 80, 81, 83, 89, 90, 100, 101, 103, 104, 107, 108, 110, 111], "summary": {"covered_lines": 57, "num_statements": 57, "percent_covered": 100.0, "percent_covered_display": "100", "missing_lines": 0, "excluded_lines": 0, "percent_statements_covered": 100.0, "percent_statements_covered_display": "100"}, "missing_lines": [], "excluded_lines": [], "functions": {"Settings.from_yaml": {"executed_lines": [100, 101, 103, 104, 107, 108, 110, 111], "summary": {"covered_lines": 8, "num_statements": 8, "percent_covered": 100.0, "percent_covered_display": "100", "missing_lines": 0, "excluded_lines": 0, "percent_statements_covered": 100.0, "percent_statements_covered_display": "100"}, "missing_lines": [], "excluded_lines": [], "start_line": 90}, "": {"executed_lines": [3, 4, 6, 7, 8, 11, 14, 15, 16, 17, 18, 21, 22, 23, 26, 29, 30, 31, 32, 33, 36, 37, 38, 39, 42, 45, 46, 47, 50, 53, 54, 57, 60, 61, 62, 63, 66, 69, 70, 73, 76, 77, 78, 79, 80, 81, 83, 89, 90], "summary": {"covered_lines": 49, "num_statements": 49, "percent_covered": 100.0, "percent_covered_display": "100", "missing_lines": 0, "excluded_lines": 0, "percent_statements_covered": 100.0, "percent_statements_covered_display": "100"}, "missing_lines": [], "excluded_lines": [], "start_line": 1}}, "classes": {"DatabaseConfig": {"executed_lines": [], "summary": {"covered_lines": 0, "num_statements": 0, "percent_covered": 100.0, "percent_covered_display": "100", "missing_lines": 0, "excluded_lines": 0, "percent_statements_covered": 100.0, "percent_statements_covered_display": "100"}, "missing_lines": [], "excluded_lines": [], "start_line": 11}, "OpenAIConfig": {"executed_lines": [], "summary": {"covered_lines": 0, "num_statements": 0, "percent_covered": 100.0, "percent_covered_display": "100", "missing_lines": 0, "excluded_lines": 0, "percent_statements_covered": 100.0, "percent_statements_covered_display": "100"}, "missing_lines": [], "excluded_lines": [], "start_line": 26}, "QueryLimitsConfig": {"executed_lines": [], "summary": {"covered_lines": 0, "num_statements": 0, "percent_covered": 100.0, "percent_covered_display": "100", "missing_lines": 0, "excluded_lines": 0, "percent_statements_covered": 100.0, "percent_statements_covered_display": "100"}, "missing_lines": [], "excluded_lines": [], "start_line": 42}, "SchemaCacheConfig": {"executed_lines": [], "summary": {"covered_lines": 0, "num_statements": 0, "percent_covered": 100.0, "percent_covered_display": "100", "missing_lines": 0, "excluded_lines": 0, "percent_statements_covered": 100.0, "percent_statements_covered_display": "100"}, "missing_lines": [], "excluded_lines": [], "start_line": 50}, "LoggingConfig": {"executed_lines": [], "summary": {"covered_lines": 0, "num_statements": 0, "percent_covered": 100.0, "percent_covered_display": "100", "missing_lines": 0, "excluded_lines": 0, "percent_statements_covered": 100.0, "percent_statements_covered_display": "100"}, "missing_lines": [], "excluded_lines": [], "start_line": 57}, "ServerConfig": {"executed_lines": [], "summary": {"covered_lines": 0, "num_statements": 0, "percent_covered": 100.0, "percent_covered_display": "100", "missing_lines": 0, "excluded_lines": 0, "percent_statements_covered": 100.0, "percent_statements_covered_display": "100"}, "missing_lines": [], "excluded_lines": [], "start_line": 66}, "Settings": {"executed_lines": [100, 101, 103, 104, 107, 108, 110, 111], "summary": {"covered_lines": 8, "num_statements": 8, "percent_covered": 100.0, "percent_covered_display": "100", "missing_lines": 0, "excluded_lines": 0, "percent_statements_covered": 100.0, "percent_statements_covered_display": "100"}, "missing_lines": [], "excluded_lines": [], "start_line": 73}, "": {"executed_lines": [3, 4, 6, 7, 8, 11, 14, 15, 16, 17, 18, 21, 22, 23, 26, 29, 30, 31, 32, 33, 36, 37, 38, 39, 42, 45, 46, 47, 50, 53, 54, 57, 60, 61, 62, 63, 66, 69, 70, 73, 76, 77, 78, 79, 80, 81, 83, 89, 90], "summary": {"covered_lines": 49, "num_statements": 49, "percent_covered": 100.0, "percent_covered_display": "100", "missing_lines": 0, "excluded_lines": 0, "percent_statements_covered": 100.0, "percent_statements_covered_display": "100"}, "missing_lines": [], "excluded_lines": [], "start_line": 1}}}, "pg_mcp_server\\core\\__init__.py": {"executed_lines": [3, 4, 5, 6, 7, 8, 10], "summary": {"covered_lines": 7, "num_statements": 7, "percent_covered": 100.0, "percent_covered_display": "100", "missing_lines": 0, "excluded_lines": 0, "percent_statements_covered": 100.0, "percent_statements_covered_display": "100"}, "missing_lines": [], "excluded_lines": [], "functions": {"": {"executed_lines": [3, 4, 5, 6, 7, 8, 10], "summary": {"covered_lines": 7, "num_statements": 7, "percent_covered": 100.0, "percent_covered_display": "100", "missing_lines": 0, "excluded_lines": 0, "percent_statements_covered": 100.0, "percent_statements_covered_display": "100"}, "missing_lines": [], "excluded_lines": [], "start_line": 1}}, "classes": {"": {"executed_lines": [3, 4, 5, 6, 7, 8, 10], "summary": {"covered_lines": 7, "num_statements": 7, "percent_covered": 100.0, "percent_covered_display": "100", "missing_lines": 0, "excluded_lines": 0, "percent_statements_covered": 100.0, "percent_statements_covered_display": "100"}, "missing_lines": [], "excluded_lines": [], "start_line": 1}}}, "pg_mcp_server\\core\\multi_database_executor.py": {"executed_lines": [], "summary": {"covered_lines": 0, "num_statements": 98, "percent_covered": 0.0, "percent_covered_display": "0", "missing_lines": 98, "excluded_lines": 0, "percent_statements_covered": 0.0, "percent_statements_covered_display": "0"}, "missing_lines": [3, 4, 6, 7, 9, 10, 11, 12, 13, 15, 18, 21, 33, 34, 35, 36, 38, 39, 41, 43, 49, 60, 62, 64, 65, 66, 68, 69, 82, 83, 86, 87, 88, 89, 90, 93, 94, 95, 101, 103, 105, 106, 108, 112, 115, 118, 121, 122, 128, 131, 134, 135, 136, 137, 141, 148, 150, 151, 157, 158, 159, 162, 164, 166, 167, 168, 172, 173, 175, 177, 178, 179, 183, 185, 186, 187, 188, 192, 195, 197, 199, 209, 210, 211, 213, 219, 221, 223, 225, 227, 229, 230, 231, 233, 235, 236, 237, 239], "excluded_lines": [], "functions": {"DatabaseExecutor.__init__": {"executed_lines": [], "summary": {"covered_lines": 0, "num_statements": 6, "percent_covered": 0.0, "percent_covered_display": "0", "missing_lines": 6, "excluded_lines": 0, "percent_statements_covered": 0.0, "percent_statements_covered_display": "0"}, "missing_lines": [33, 34, 35, 36, 38, 39], "excluded_lines": [], "start_line": 21}, "DatabaseExecutor.initialize": {"executed_lines": [], "summary": {"covered_lines": 0, "num_statements": 3, "percent_covered": 0.0, "percent_covered_display": "0", "missing_lines": 3, "excluded_lines": 0, "percent_statements_covered": 0.0, "percent_statements_covered_display": "0"}, "missing_lines": [43, 49, 60], "excluded_lines": [], "start_line": 41}, "DatabaseExecutor.close": {"executed_lines": [], "summary": {"covered_lines": 0, "num_statements": 3, "percent_covered": 0.0, "percent_covered_display": "0", "missing_lines": 3, "excluded_lines": 0, "percent_statements_covered": 0.0, "percent_statements_covered_display": "0"}, "missing_lines": [64, 65, 66], "excluded_lines": [], "start_line": 62}, "DatabaseExecutor.execute_query": {"executed_lines": [], "summary": {"covered_lines": 0, "num_statements": 34, "percent_covered": 0.0, "percent_covered_display": "0", "missing_lines": 34, "excluded_lines": 0, "percent_statements_covered": 0.0, "percent_statements_covered_display": "0"}, "missing_lines": [82, 83, 86, 87, 88, 89, 90, 93, 94, 95, 101, 103, 105, 106, 108, 112, 115, 118, 121, 122, 128, 131, 134, 135, 136, 137, 141, 148, 150, 151, 157, 158, 159, 162], "excluded_lines": [], "start_line": 69}, "DatabaseExecutor._check_explain_cost": {"executed_lines": [], "summary": {"covered_lines": 0, "num_statements": 14, "percent_covered": 0.0, "percent_covered_display": "0", "missing_lines": 14, "excluded_lines": 0, "percent_statements_covered": 0.0, "percent_statements_covered_display": "0"}, "missing_lines": [166, 167, 168, 172, 173, 175, 177, 178, 179, 183, 185, 186, 187, 188], "excluded_lines": [], "start_line": 164}, "MultiDatabaseExecutorManager.__init__": {"executed_lines": [], "summary": {"covered_lines": 0, "num_statements": 1, "percent_covered": 0.0, "percent_covered_display": "0", "missing_lines": 1, "excluded_lines": 0, "percent_statements_covered": 0.0, "percent_statements_covered_display": "0"}, "missing_lines": [197], "excluded_lines": [], "start_line": 195}, "MultiDatabaseExecutorManager.add_database": {"executed_lines": [], "summary": {"covered_lines": 0, "num_statements": 4, "percent_covered": 0.0, "percent_covered_display": "0", "missing_lines": 4, "excluded_lines": 0, "percent_statements_covered": 0.0, "percent_statements_covered_display": "0"}, "missing_lines": [209, 210, 211, 213], "excluded_lines": [], "start_line": 199}, "MultiDatabaseExecutorManager.get_executor": {"executed_lines": [], "summary": {"covered_lines": 0, "num_statements": 1, "percent_covered": 0.0, "percent_covered_display": "0", "missing_lines": 1, "excluded_lines": 0, "percent_statements_covered": 0.0, "percent_statements_covered_display": "0"}, "missing_lines": [221], "excluded_lines": [], "start_line": 219}, "MultiDatabaseExecutorManager.list_databases": {"executed_lines": [], "summary": {"covered_lines": 0, "num_statements": 1, "percent_covered": 0.0, "percent_covered_display": "0", "missing_lines": 1, "excluded_lines": 0, "percent_statements_covered": 0.0, "percent_statements_covered_display": "0"}, "missing_lines": [225], "excluded_lines": [], "start_line": 223}, "MultiDatabaseExecutorManager.close_all": {"executed_lines": [], "summary": {"covered_lines": 0, "num_statements": 3, "percent_covered": 0.0, "percent_covered_display": "0", "missing_lines": 3, "excluded_lines": 0, "percent_statements_covered": 0.0, "percent_statements_covered_display": "0"}, "missing_lines": [229, 230, 231], "excluded_lines": [], "start_line": 227}, "MultiDatabaseExecutorManager.get_database_info": {"executed_lines": [], "summary": {"covered_lines": 0, "num_statements": 4, "percent_covered": 0.0, "percent_covered_display": "0", "missing_lines": 4, "excluded_lines": 0, "percent_statements_covered": 0.0, "percent_statements_covered_display": "0"}, "missing_lines": [235, 236, 237, 239], "excluded_lines": [], "start_line": 233}, "": {"executed_lines": [], "summary": {"covered_lines": 0, "num_statements": 24, "percent_covered": 0.0, "percent_covered_display": "0", "missing_lines": 24, "excluded_lines": 0, "percent_statements_covered": 0.0, "percent_statements_covered_display": "0"}, "missing_lines": [3, 4, 6, 7, 9, 10, 11, 12, 13, 15, 18, 21, 41, 62, 68, 69, 164, 192, 195, 199, 219, 223, 227, 233], "excluded_lines": [], "start_line": 1}}, "classes": {"DatabaseExecutor": {"executed_lines": [], "summary": {"covered_lines": 0, "num_statements": 60, "percent_covered": 0.0, "percent_covered_display": "0", "missing_lines": 60, "excluded_lines": 0, "percent_statements_covered": 0.0, "percent_statements_covered_display": "0"}, "missing_lines": [33, 34, 35, 36, 38, 39, 43, 49, 60, 64, 65, 66, 82, 83, 86, 87, 88, 89, 90, 93, 94, 95, 101, 103, 105, 106, 108, 112, 115, 118, 121, 122, 128, 131, 134, 135, 136, 137, 141, 148, 150, 151, 157, 158, 159, 162, 166, 167, 168, 172, 173, 175, 177, 178, 179, 183, 185, 186, 187, 188], "excluded_lines": [], "start_line": 18}, "MultiDatabaseExecutorManager": {"executed_lines": [], "summary": {"covered_lines": 0, "num_statements": 14, "percent_covered": 0.0, "percent_covered_display": "0", "missing_lines": 14, "excluded_lines": 0, "percent_statements_covered": 0.0, "percent_statements_covered_display": "0"}, "missing_lines": [197, 209, 210, 211, 213, 221, 225, 229, 230, 231, 235, 236, 237, 239], "excluded_lines": [], "start_line": 192}, "": {"executed_lines": [], "summary": {"covered_lines": 0, "num_statements": 24, "percent_covered": 0.0, "percent_covered_display": "0", "missing_lines": 24, "excluded_lines": 0, "percent_statements_covered": 0.0, "percent_statements_covered_display": "0"}, "missing_lines": [3, 4, 6, 7, 9, 10, 11, 12, 13, 15, 18, 21, 41, 62, 68, 69, 164, 192, 195, 199, 219, 223, 227, 233], "excluded_lines": [], "start_line": 1}}}, "pg_mcp_server\\core\\query_processor.py": {"executed_lines": [3, 4, 6, 8, 9, 10, 11, 12, 13, 14, 16, 19, 22, 44, 45, 46, 47, 48, 49, 50, 52, 70, 72, 74, 75, 83, 84, 85, 90, 91, 92, 96, 97, 98, 102, 107, 108, 109, 110, 114, 121, 122, 132, 135, 136, 137, 142, 143, 144, 148, 149, 150, 154, 159, 164, 165, 166, 167, 171, 179, 180, 181, 186, 187, 191, 192, 193, 199, 218, 219, 225, 236, 237], "summary": {"covered_lines": 73, "num_statements": 83, "percent_covered": 87.95180722891567, "percent_covered_display": "88", "missing_lines": 10, "excluded_lines": 0, "percent_statements_covered": 87.95180722891567, "percent_statements_covered_display": "88"}, "missing_lines": [76, 123, 124, 200, 205, 206, 210, 239, 240, 241], "excluded_lines": [], "functions": {"QueryProcessor.__init__": {"executed_lines": [44, 45, 46, 47, 48, 49, 50], "summary": {"covered_lines": 7, "num_statements": 7, "percent_covered": 100.0, "percent_covered_display": "100", "missing_lines": 0, "excluded_lines": 0, "percent_statements_covered": 100.0, "percent_statements_covered_display": "100"}, "missing_lines": [], "excluded_lines": [], "start_line": 22}, "QueryProcessor.process_query": {"executed_lines": [70, 72, 74, 75, 83, 84, 85, 90, 91, 92, 96, 97, 98, 102, 107, 108, 109, 110, 114, 121, 122, 132, 135, 136, 137, 142, 143, 144, 148, 149, 150, 154, 159, 164, 165, 166, 167, 171, 179, 180, 181, 186, 187, 191, 192, 193, 199, 218, 219, 225, 236, 237], "summary": {"covered_lines": 52, "num_statements": 62, "percent_covered": 83.87096774193549, "percent_covered_display": "84", "missing_lines": 10, "excluded_lines": 0, "percent_statements_covered": 83.87096774193549, "percent_statements_covered_display": "84"}, "missing_lines": [76, 123, 124, 200, 205, 206, 210, 239, 240, 241], "excluded_lines": [], "start_line": 52}, "": {"executed_lines": [3, 4, 6, 8, 9, 10, 11, 12, 13, 14, 16, 19, 22, 52], "summary": {"covered_lines": 14, "num_statements": 14, "percent_covered": 100.0, "percent_covered_display": "100", "missing_lines": 0, "excluded_lines": 0, "percent_statements_covered": 100.0, "percent_statements_covered_display": "100"}, "missing_lines": [], "excluded_lines": [], "start_line": 1}}, "classes": {"QueryProcessor": {"executed_lines": [44, 45, 46, 47, 48, 49, 50, 70, 72, 74, 75, 83, 84, 85, 90, 91, 92, 96, 97, 98, 102, 107, 108, 109, 110, 114, 121, 122, 132, 135, 136, 137, 142, 143, 144, 148, 149, 150, 154, 159, 164, 165, 166, 167, 171, 179, 180, 181, 186, 187, 191, 192, 193, 199, 218, 219, 225, 236, 237], "summary": {"covered_lines": 59, "num_statements": 69, "percent_covered": 85.5072463768116, "percent_covered_display": "86", "missing_lines": 10, "excluded_lines": 0, "percent_statements_covered": 85.5072463768116, "percent_statements_covered_display": "86"}, "missing_lines": [76, 123, 124, 200, 205, 206, 210, 239, 240, 241], "excluded_lines": [], "start_line": 19}, "": {"executed_lines": [3, 4, 6, 8, 9, 10, 11, 12, 13, 14, 16, 19, 22, 52], "summary": {"covered_lines": 14, "num_statements": 14, "percent_covered": 100.0, "percent_covered_display": "100", "missing_lines": 0, "excluded_lines": 0, "percent_statements_covered": 100.0, "percent_statements_covered_display": "100"}, "missing_lines": [], "excluded_lines": [], "start_line": 1}}}, "pg_mcp_server\\core\\result_validator.py": {"executed_lines": [3, 5, 6, 8, 9, 11, 14, 17, 47, 48, 117, 137, 163], "summary": {"covered_lines": 13, "num_statements": 58, "percent_covered": 22.413793103448278, "percent_covered_display": "22", "missing_lines": 45, "excluded_lines": 0, "percent_statements_covered": 22.413793103448278, "percent_statements_covered_display": "22"}, "missing_lines": [24, 27, 28, 29, 32, 38, 40, 45, 67, 70, 71, 72, 75, 76, 80, 81, 91, 92, 93, 94, 96, 99, 100, 101, 102, 104, 105, 106, 109, 110, 112, 113, 115, 124, 151, 153, 173, 174, 177, 180, 181, 183, 184, 185, 187], "excluded_lines": [], "functions": {"ResultValidator.__init__": {"executed_lines": [], "summary": {"covered_lines": 0, "num_statements": 8, "percent_covered": 0.0, "percent_covered_display": "0", "missing_lines": 8, "excluded_lines": 0, "percent_statements_covered": 0.0, "percent_statements_covered_display": "0"}, "missing_lines": [24, 27, 28, 29, 32, 38, 40, 45], "excluded_lines": [], "start_line": 17}, "ResultValidator.validate_results": {"executed_lines": [], "summary": {"covered_lines": 0, "num_statements": 25, "percent_covered": 0.0, "percent_covered_display": "0", "missing_lines": 25, "excluded_lines": 0, "percent_statements_covered": 0.0, "percent_statements_covered_display": "0"}, "missing_lines": [67, 70, 71, 72, 75, 76, 80, 81, 91, 92, 93, 94, 96, 99, 100, 101, 102, 104, 105, 106, 109, 110, 112, 113, 115], "excluded_lines": [], "start_line": 48}, "ResultValidator._build_validation_system_prompt": {"executed_lines": [], "summary": {"covered_lines": 0, "num_statements": 1, "percent_covered": 0.0, "percent_covered_display": "0", "missing_lines": 1, "excluded_lines": 0, "percent_statements_covered": 0.0, "percent_statements_covered_display": "0"}, "missing_lines": [124], "excluded_lines": [], "start_line": 117}, "ResultValidator._build_validation_user_prompt": {"executed_lines": [], "summary": {"covered_lines": 0, "num_statements": 2, "percent_covered": 0.0, "percent_covered_display": "0", "missing_lines": 2, "excluded_lines": 0, "percent_statements_covered": 0.0, "percent_statements_covered_display": "0"}, "missing_lines": [151, 153], "excluded_lines": [], "start_line": 137}, "ResultValidator._format_results_for_prompt": {"executed_lines": [], "summary": {"covered_lines": 0, "num_statements": 9, "percent_covered": 0.0, "percent_covered_display": "0", "missing_lines": 9, "excluded_lines": 0, "percent_statements_covered": 0.0, "percent_statements_covered_display": "0"}, "missing_lines": [173, 174, 177, 180, 181, 183, 184, 185, 187], "excluded_lines": [], "start_line": 163}, "": {"executed_lines": [3, 5, 6, 8, 9, 11, 14, 17, 47, 48, 117, 137, 163], "summary": {"covered_lines": 13, "num_statements": 13, "percent_covered": 100.0, "percent_covered_display": "100", "missing_lines": 0, "excluded_lines": 0, "percent_statements_covered": 100.0, "percent_statements_covered_display": "100"}, "missing_lines": [], "excluded_lines": [], "start_line": 1}}, "classes": {"ResultValidator": {"executed_lines": [], "summary": {"covered_lines": 0, "num_statements": 45, "percent_covered": 0.0, "percent_covered_display": "0", "missing_lines": 45, "excluded_lines": 0, "percent_statements_covered": 0.0, "percent_statements_covered_display": "0"}, "missing_lines": [24, 27, 28, 29, 32, 38, 40, 45, 67, 70, 71, 72, 75, 76, 80, 81, 91, 92, 93, 94, 96, 99, 100, 101, 102, 104, 105, 106, 109, 110, 112, 113, 115, 124, 151, 153, 173, 174, 177, 180, 181, 183, 184, 185, 187], "excluded_lines": [], "start_line": 14}, "": {"executed_lines": [3, 5, 6, 8, 9, 11, 14, 17, 47, 48, 117, 137, 163], "summary": {"covered_lines": 13, "num_statements": 13, "percent_covered": 100.0, "percent_covered_display": "100", "missing_lines": 0, "excluded_lines": 0, "percent_statements_covered": 100.0, "percent_statements_covered_display": "100"}, "missing_lines": [], "excluded_lines": [], "start_line": 1}}}, "pg_mcp_server\\core\\schema_cache.py": {"executed_lines": [3, 5, 6, 8, 9, 10, 17, 19, 22, 25, 35, 36, 83, 108, 137, 176, 203, 226, 227, 236], "summary": {"covered_lines": 20, "num_statements": 63, "percent_covered": 31.746031746031747, "percent_covered_display": "32", "missing_lines": 43, "excluded_lines": 0, "percent_statements_covered": 31.746031746031747, "percent_statements_covered_display": "32"}, "missing_lines": [32, 33, 43, 45, 53, 55, 58, 59, 60, 61, 64, 66, 72, 78, 81, 93, 94, 96, 97, 98, 106, 121, 123, 150, 153, 154, 155, 156, 157, 163, 165, 189, 193, 215, 217, 218, 219, 220, 221, 222, 224, 234, 243], "excluded_lines": [], "functions": {"SchemaCache.__init__": {"executed_lines": [], "summary": {"covered_lines": 0, "num_statements": 2, "percent_covered": 0.0, "percent_covered_display": "0", "missing_lines": 2, "excluded_lines": 0, "percent_statements_covered": 0.0, "percent_statements_covered_display": "0"}, "missing_lines": [32, 33], "excluded_lines": [], "start_line": 25}, "SchemaCache.load_schema": {"executed_lines": [], "summary": {"covered_lines": 0, "num_statements": 13, "percent_covered": 0.0, "percent_covered_display": "0", "missing_lines": 13, "excluded_lines": 0, "percent_statements_covered": 0.0, "percent_statements_covered_display": "0"}, "missing_lines": [43, 45, 53, 55, 58, 59, 60, 61, 64, 66, 72, 78, 81], "excluded_lines": [], "start_line": 36}, "SchemaCache._load_tables": {"executed_lines": [], "summary": {"covered_lines": 0, "num_statements": 6, "percent_covered": 0.0, "percent_covered_display": "0", "missing_lines": 6, "excluded_lines": 0, "percent_statements_covered": 0.0, "percent_statements_covered_display": "0"}, "missing_lines": [93, 94, 96, 97, 98, 106], "excluded_lines": [], "start_line": 83}, "SchemaCache._load_columns": {"executed_lines": [], "summary": {"covered_lines": 0, "num_statements": 2, "percent_covered": 0.0, "percent_covered_display": "0", "missing_lines": 2, "excluded_lines": 0, "percent_statements_covered": 0.0, "percent_statements_covered_display": "0"}, "missing_lines": [121, 123], "excluded_lines": [], "start_line": 108}, "SchemaCache._load_indexes": {"executed_lines": [], "summary": {"covered_lines": 0, "num_statements": 8, "percent_covered": 0.0, "percent_covered_display": "0", "missing_lines": 8, "excluded_lines": 0, "percent_statements_covered": 0.0, "percent_statements_covered_display": "0"}, "missing_lines": [150, 153, 154, 155, 156, 157, 163, 165], "excluded_lines": [], "start_line": 137}, "SchemaCache._load_foreign_keys": {"executed_lines": [], "summary": {"covered_lines": 0, "num_statements": 2, "percent_covered": 0.0, "percent_covered_display": "0", "missing_lines": 2, "excluded_lines": 0, "percent_statements_covered": 0.0, "percent_statements_covered_display": "0"}, "missing_lines": [189, 193], "excluded_lines": [], "start_line": 176}, "SchemaCache._load_custom_types": {"executed_lines": [], "summary": {"covered_lines": 0, "num_statements": 8, "percent_covered": 0.0, "percent_covered_display": "0", "missing_lines": 8, "excluded_lines": 0, "percent_statements_covered": 0.0, "percent_statements_covered_display": "0"}, "missing_lines": [215, 217, 218, 219, 220, 221, 222, 224], "excluded_lines": [], "start_line": 203}, "SchemaCache.schema": {"executed_lines": [], "summary": {"covered_lines": 0, "num_statements": 1, "percent_covered": 0.0, "percent_covered_display": "0", "missing_lines": 1, "excluded_lines": 0, "percent_statements_covered": 0.0, "percent_statements_covered_display": "0"}, "missing_lines": [234], "excluded_lines": [], "start_line": 227}, "SchemaCache.is_loaded": {"executed_lines": [], "summary": {"covered_lines": 0, "num_statements": 1, "percent_covered": 0.0, "percent_covered_display": "0", "missing_lines": 1, "excluded_lines": 0, "percent_statements_covered": 0.0, "percent_statements_covered_display": "0"}, "missing_lines": [243], "excluded_lines": [], "start_line": 236}, "": {"executed_lines": [3, 5, 6, 8, 9, 10, 17, 19, 22, 25, 35, 36, 83, 108, 137, 176, 203, 226, 227, 236], "summary": {"covered_lines": 20, "num_statements": 20, "percent_covered": 100.0, "percent_covered_display": "100", "missing_lines": 0, "excluded_lines": 0, "percent_statements_covered": 100.0, "percent_statements_covered_display": "100"}, "missing_lines": [], "excluded_lines": [], "start_line": 1}}, "classes": {"SchemaCache": {"executed_lines": [], "summary": {"covered_lines": 0, "num_statements": 43, "percent_covered": 0.0, "percent_covered_display": "0", "missing_lines": 43, "excluded_lines": 0, "percent_statements_covered": 0.0, "percent_statements_covered_display": "0"}, "missing_lines": [32, 33, 43, 45, 53, 55, 58, 59, 60, 61, 64, 66, 72, 78, 81, 93, 94, 96, 97, 98, 106, 121, 123, 150, 153, 154, 155, 156, 157, 163, 165, 189, 193, 215, 217, 218, 219, 220, 221, 222, 224, 234, 243], "excluded_lines": [], "start_line": 22}, "": {"executed_lines": [3, 5, 6, 8, 9, 10, 17, 19, 22, 25, 35, 36, 83, 108, 137, 176, 203, 226, 227, 236], "summary": {"covered_lines": 20, "num_statements": 20, "percent_covered": 100.0, "percent_covered_display": "100", "missing_lines": 0, "excluded_lines": 0, "percent_statements_covered": 100.0, "percent_statements_covered_display": "100"}, "missing_lines": [], "excluded_lines": [], "start_line": 1}}}, "pg_mcp_server\\core\\sql_access_control.py": {"executed_lines": [3, 4, 5, 6, 8, 10, 13, 16, 23, 25, 35, 37, 39, 42, 43, 46, 47, 48, 51, 52, 53, 56, 57, 58, 61, 62, 63, 64, 67, 68, 69, 70, 73, 74, 78, 79, 80, 81, 82, 83, 85, 93, 95, 96, 107, 113, 116, 118, 119, 120, 121, 122, 123, 125, 133, 134, 135, 137, 141, 144, 145, 150, 155, 160, 165, 166, 170, 172, 175], "summary": {"covered_lines": 69, "num_statements": 85, "percent_covered": 81.17647058823529, "percent_covered_display": "81", "missing_lines": 16, "excluded_lines": 0, "percent_statements_covered": 81.17647058823529, "percent_statements_covered_display": "81"}, "missing_lines": [75, 101, 102, 103, 127, 128, 130, 138, 147, 148, 152, 153, 161, 168, 173, 174], "excluded_lines": [], "functions": {"SQLAccessControlRewriter.__init__": {"executed_lines": [23], "summary": {"covered_lines": 1, "num_statements": 1, "percent_covered": 100.0, "percent_covered_display": "100", "missing_lines": 0, "excluded_lines": 0, "percent_statements_covered": 100.0, "percent_statements_covered_display": "100"}, "missing_lines": [], "excluded_lines": [], "start_line": 16}, "SQLAccessControlRewriter.rewrite_and_validate": {"executed_lines": [35, 37, 39, 42, 43, 46, 47, 48, 51, 52, 53, 56, 57, 58, 61, 62, 63, 64, 67, 68, 69, 70, 73, 74, 78, 79, 80, 81, 82, 83, 85, 93, 95, 96], "summary": {"covered_lines": 34, "num_statements": 38, "percent_covered": 89.47368421052632, "percent_covered_display": "89", "missing_lines": 4, "excluded_lines": 0, "percent_statements_covered": 89.47368421052632, "percent_statements_covered_display": "89"}, "missing_lines": [75, 101, 102, 103], "excluded_lines": [], "start_line": 25}, "SQLAccessControlRewriter._apply_row_filter": {"executed_lines": [113, 116, 118, 119, 120, 121, 122, 123, 125, 133, 134, 135, 137, 141, 144, 145, 150], "summary": {"covered_lines": 17, "num_statements": 25, "percent_covered": 68.0, "percent_covered_display": "68", "missing_lines": 8, "excluded_lines": 0, "percent_statements_covered": 68.0, "percent_statements_covered_display": "68"}, "missing_lines": [127, 128, 130, 138, 147, 148, 152, 153], "excluded_lines": [], "start_line": 107}, "SQLAccessControlRewriter._get_table_for_column": {"executed_lines": [160, 165, 166], "summary": {"covered_lines": 3, "num_statements": 5, "percent_covered": 60.0, "percent_covered_display": "60", "missing_lines": 2, "excluded_lines": 0, "percent_statements_covered": 60.0, "percent_statements_covered_display": "60"}, "missing_lines": [161, 168], "excluded_lines": [], "start_line": 155}, "SQLAccessControlRewriter._split_table_name": {"executed_lines": [172, 175], "summary": {"covered_lines": 2, "num_statements": 4, "percent_covered": 50.0, "percent_covered_display": "50", "missing_lines": 2, "excluded_lines": 0, "percent_statements_covered": 50.0, "percent_statements_covered_display": "50"}, "missing_lines": [173, 174], "excluded_lines": [], "start_line": 170}, "": {"executed_lines": [3, 4, 5, 6, 8, 10, 13, 16, 25, 107, 155, 170], "summary": {"covered_lines": 12, "num_statements": 12, "percent_covered": 100.0, "percent_covered_display": "100", "missing_lines": 0, "excluded_lines": 0, "percent_statements_covered": 100.0, "percent_statements_covered_display": "100"}, "missing_lines": [], "excluded_lines": [], "start_line": 1}}, "classes": {"SQLAccessControlRewriter": {"executed_lines": [23, 35, 37, 39, 42, 43, 46, 47, 48, 51, 52, 53, 56, 57, 58, 61, 62, 63, 64, 67, 68, 69, 70, 73, 74, 78, 79, 80, 81, 82, 83, 85, 93, 95, 96, 113, 116, 118, 119, 120, 121, 122, 123, 125, 133, 134, 135, 137, 141, 144, 145, 150, 160, 165, 166, 172, 175], "summary": {"covered_lines": 57, "num_statements": 73, "percent_covered": 78.08219178082192, "percent_covered_display": "78", "missing_lines": 16, "excluded_lines": 0, "percent_statements_covered": 78.08219178082192, "percent_statements_covered_display": "78"}, "missing_lines": [75, 101, 102, 103, 127, 128, 130, 138, 147, 148, 152, 153, 161, 168, 173, 174], "excluded_lines": [], "start_line": 13}, "": {"executed_lines": [3, 4, 5, 6, 8, 10, 13, 16, 25, 107, 155, 170], "summary": {"covered_lines": 12, "num_statements": 12, "percent_covered": 100.0, "percent_covered_display": "100", "missing_lines": 0, "excluded_lines": 0, "percent_statements_covered": 100.0, "percent_statements_covered_display": "100"}, "missing_lines": [], "excluded_lines": [], "start_line": 1}}}, "pg_mcp_server\\core\\sql_executor.py": {"executed_lines": [3, 4, 6, 7, 9, 10, 11, 13, 16, 19, 29, 30, 31, 33, 50, 56, 57], "summary": {"covered_lines": 17, "num_statements": 47, "percent_covered": 36.170212765957444, "percent_covered_display": "36", "missing_lines": 30, "excluded_lines": 0, "percent_statements_covered": 36.170212765957444, "percent_statements_covered_display": "36"}, "missing_lines": [35, 37, 48, 52, 53, 54, 69, 70, 72, 74, 76, 77, 79, 82, 85, 86, 91, 94, 97, 98, 99, 100, 104, 110, 112, 113, 118, 119, 120, 121], "excluded_lines": [], "functions": {"SQLExecutor.__init__": {"executed_lines": [29, 30, 31], "summary": {"covered_lines": 3, "num_statements": 3, "percent_covered": 100.0, "percent_covered_display": "100", "missing_lines": 0, "excluded_lines": 0, "percent_statements_covered": 100.0, "percent_statements_covered_display": "100"}, "missing_lines": [], "excluded_lines": [], "start_line": 19}, "SQLExecutor.initialize": {"executed_lines": [], "summary": {"covered_lines": 0, "num_statements": 3, "percent_covered": 0.0, "percent_covered_display": "0", "missing_lines": 3, "excluded_lines": 0, "percent_statements_covered": 0.0, "percent_statements_covered_display": "0"}, "missing_lines": [35, 37, 48], "excluded_lines": [], "start_line": 33}, "SQLExecutor.close": {"executed_lines": [], "summary": {"covered_lines": 0, "num_statements": 3, "percent_covered": 0.0, "percent_covered_display": "0", "missing_lines": 3, "excluded_lines": 0, "percent_statements_covered": 0.0, "percent_statements_covered_display": "0"}, "missing_lines": [52, 53, 54], "excluded_lines": [], "start_line": 50}, "SQLExecutor.execute_query": {"executed_lines": [], "summary": {"covered_lines": 0, "num_statements": 24, "percent_covered": 0.0, "percent_covered_display": "0", "missing_lines": 24, "excluded_lines": 0, "percent_statements_covered": 0.0, "percent_statements_covered_display": "0"}, "missing_lines": [69, 70, 72, 74, 76, 77, 79, 82, 85, 86, 91, 94, 97, 98, 99, 100, 104, 110, 112, 113, 118, 119, 120, 121], "excluded_lines": [], "start_line": 57}, "": {"executed_lines": [3, 4, 6, 7, 9, 10, 11, 13, 16, 19, 33, 50, 56, 57], "summary": {"covered_lines": 14, "num_statements": 14, "percent_covered": 100.0, "percent_covered_display": "100", "missing_lines": 0, "excluded_lines": 0, "percent_statements_covered": 100.0, "percent_statements_covered_display": "100"}, "missing_lines": [], "excluded_lines": [], "start_line": 1}}, "classes": {"SQLExecutor": {"executed_lines": [29, 30, 31], "summary": {"covered_lines": 3, "num_statements": 33, "percent_covered": 9.090909090909092, "percent_covered_display": "9", "missing_lines": 30, "excluded_lines": 0, "percent_statements_covered": 9.090909090909092, "percent_statements_covered_display": "9"}, "missing_lines": [35, 37, 48, 52, 53, 54, 69, 70, 72, 74, 76, 77, 79, 82, 85, 86, 91, 94, 97, 98, 99, 100, 104, 110, 112, 113, 118, 119, 120, 121], "excluded_lines": [], "start_line": 16}, "": {"executed_lines": [3, 4, 6, 7, 9, 10, 11, 13, 16, 19, 33, 50, 56, 57], "summary": {"covered_lines": 14, "num_statements": 14, "percent_covered": 100.0, "percent_covered_display": "100", "missing_lines": 0, "excluded_lines": 0, "percent_statements_covered": 100.0, "percent_statements_covered_display": "100"}, "missing_lines": [], "excluded_lines": [], "start_line": 1}}}, "pg_mcp_server\\core\\sql_generator.py": {"executed_lines": [3, 5, 6, 8, 9, 10, 12, 15, 18, 25, 28, 41, 46, 48, 49, 106, 113, 130, 141, 148, 159, 160, 161, 162, 163, 165, 166, 168, 170, 183, 185, 186, 187, 190, 191, 194, 195, 196, 197, 198, 199, 203], "summary": {"covered_lines": 42, "num_statements": 66, "percent_covered": 63.63636363636363, "percent_covered_display": "64", "missing_lines": 24, "excluded_lines": 0, "percent_statements_covered": 63.63636363636363, "percent_statements_covered_display": "64"}, "missing_lines": [29, 30, 33, 39, 66, 69, 70, 72, 75, 76, 79, 80, 90, 91, 92, 94, 97, 99, 100, 102, 103, 104, 188, 192], "excluded_lines": [], "functions": {"SQLGenerator.__init__": {"executed_lines": [25, 28, 41, 46], "summary": {"covered_lines": 4, "num_statements": 8, "percent_covered": 50.0, "percent_covered_display": "50", "missing_lines": 4, "excluded_lines": 0, "percent_statements_covered": 50.0, "percent_statements_covered_display": "50"}, "missing_lines": [29, 30, 33, 39], "excluded_lines": [], "start_line": 18}, "SQLGenerator.generate_sql": {"executed_lines": [], "summary": {"covered_lines": 0, "num_statements": 18, "percent_covered": 0.0, "percent_covered_display": "0", "missing_lines": 18, "excluded_lines": 0, "percent_statements_covered": 0.0, "percent_statements_covered_display": "0"}, "missing_lines": [66, 69, 70, 72, 75, 76, 79, 80, 90, 91, 92, 94, 97, 99, 100, 102, 103, 104], "excluded_lines": [], "start_line": 49}, "SQLGenerator._build_system_prompt": {"executed_lines": [113], "summary": {"covered_lines": 1, "num_statements": 1, "percent_covered": 100.0, "percent_covered_display": "100", "missing_lines": 0, "excluded_lines": 0, "percent_statements_covered": 100.0, "percent_statements_covered_display": "100"}, "missing_lines": [], "excluded_lines": [], "start_line": 106}, "SQLGenerator._build_user_prompt": {"executed_lines": [141], "summary": {"covered_lines": 1, "num_statements": 1, "percent_covered": 100.0, "percent_covered_display": "100", "missing_lines": 0, "excluded_lines": 0, "percent_statements_covered": 100.0, "percent_statements_covered_display": "100"}, "missing_lines": [], "excluded_lines": [], "start_line": 130}, "SQLGenerator._clean_sql": {"executed_lines": [159, 160, 161, 162, 163, 165, 166, 168], "summary": {"covered_lines": 8, "num_statements": 8, "percent_covered": 100.0, "percent_covered_display": "100", "missing_lines": 0, "excluded_lines": 0, "percent_statements_covered": 100.0, "percent_statements_covered_display": "100"}, "missing_lines": [], "excluded_lines": [], "start_line": 148}, "SQLGenerator._build_filtered_schema_context": {"executed_lines": [183, 185, 186, 187, 190, 191, 194, 195, 196, 197, 198, 199, 203], "summary": {"covered_lines": 13, "num_statements": 15, "percent_covered": 86.66666666666667, "percent_covered_display": "87", "missing_lines": 2, "excluded_lines": 0, "percent_statements_covered": 86.66666666666667, "percent_statements_covered_display": "87"}, "missing_lines": [188, 192], "excluded_lines": [], "start_line": 170}, "": {"executed_lines": [3, 5, 6, 8, 9, 10, 12, 15, 18, 48, 49, 106, 130, 148, 170], "summary": {"covered_lines": 15, "num_statements": 15, "percent_covered": 100.0, "percent_covered_display": "100", "missing_lines": 0, "excluded_lines": 0, "percent_statements_covered": 100.0, "percent_statements_covered_display": "100"}, "missing_lines": [], "excluded_lines": [], "start_line": 1}}, "classes": {"SQLGenerator": {"executed_lines": [25, 28, 41, 46, 113, 141, 159, 160, 161, 162, 163, 165, 166, 168, 183, 185, 186, 187, 190, 191, 194, 195, 196, 197, 198, 199, 203], "summary": {"covered_lines": 27, "num_statements": 51, "percent_covered": 52.94117647058823, "percent_covered_display": "53", "missing_lines": 24, "excluded_lines": 0, "percent_statements_covered": 52.94117647058823, "percent_statements_covered_display": "53"}, "missing_lines": [29, 30, 33, 39, 66, 69, 70, 72, 75, 76, 79, 80, 90, 91, 92, 94, 97, 99, 100, 102, 103, 104, 188, 192], "excluded_lines": [], "start_line": 15}, "": {"executed_lines": [3, 5, 6, 8, 9, 10, 12, 15, 18, 48, 49, 106, 130, 148, 170], "summary": {"covered_lines": 15, "num_statements": 15, "percent_covered": 100.0, "percent_covered_display": "100", "missing_lines": 0, "excluded_lines": 0, "percent_statements_covered": 100.0, "percent_statements_covered_display": "100"}, "missing_lines": [], "excluded_lines": [], "start_line": 1}}}, "pg_mcp_server\\core\\sql_validator.py": {"executed_lines": [3, 5, 6, 7, 9, 12, 15, 17, 19, 29, 31, 33, 36, 37, 40, 41, 42, 45, 46, 49, 50, 52, 53, 54, 59, 69, 72, 89, 91, 93, 95, 96, 98, 103, 104, 106, 108, 118, 119, 123, 125, 135, 136, 137], "summary": {"covered_lines": 44, "num_statements": 55, "percent_covered": 80.0, "percent_covered_display": "80", "missing_lines": 11, "excluded_lines": 0, "percent_statements_covered": 80.0, "percent_statements_covered_display": "80"}, "missing_lines": [47, 55, 56, 57, 99, 101, 120, 121, 122, 138, 140], "excluded_lines": [], "functions": {"SQLValidator.__init__": {"executed_lines": [17], "summary": {"covered_lines": 1, "num_statements": 1, "percent_covered": 100.0, "percent_covered_display": "100", "missing_lines": 0, "excluded_lines": 0, "percent_statements_covered": 100.0, "percent_statements_covered_display": "100"}, "missing_lines": [], "excluded_lines": [], "start_line": 15}, "SQLValidator.validate_sql": {"executed_lines": [29, 31, 33, 36, 37, 40, 41, 42, 45, 46, 49, 50, 52, 53, 54], "summary": {"covered_lines": 15, "num_statements": 19, "percent_covered": 78.94736842105263, "percent_covered_display": "79", "missing_lines": 4, "excluded_lines": 0, "percent_statements_covered": 78.94736842105263, "percent_statements_covered_display": "79"}, "missing_lines": [47, 55, 56, 57], "excluded_lines": [], "start_line": 19}, "SQLValidator._check_dangerous_functions": {"executed_lines": [69, 72, 89, 91, 93, 95, 96, 98, 103, 104, 106], "summary": {"covered_lines": 11, "num_statements": 13, "percent_covered": 84.61538461538461, "percent_covered_display": "85", "missing_lines": 2, "excluded_lines": 0, "percent_statements_covered": 84.61538461538461, "percent_statements_covered_display": "85"}, "missing_lines": [99, 101], "excluded_lines": [], "start_line": 59}, "SQLValidator._check_subqueries": {"executed_lines": [118, 119, 123], "summary": {"covered_lines": 3, "num_statements": 6, "percent_covered": 50.0, "percent_covered_display": "50", "missing_lines": 3, "excluded_lines": 0, "percent_statements_covered": 50.0, "percent_statements_covered_display": "50"}, "missing_lines": [120, 121, 122], "excluded_lines": [], "start_line": 108}, "SQLValidator.format_sql": {"executed_lines": [135, 136, 137], "summary": {"covered_lines": 3, "num_statements": 5, "percent_covered": 60.0, "percent_covered_display": "60", "missing_lines": 2, "excluded_lines": 0, "percent_statements_covered": 60.0, "percent_statements_covered_display": "60"}, "missing_lines": [138, 140], "excluded_lines": [], "start_line": 125}, "": {"executed_lines": [3, 5, 6, 7, 9, 12, 15, 19, 59, 108, 125], "summary": {"covered_lines": 11, "num_statements": 11, "percent_covered": 100.0, "percent_covered_display": "100", "missing_lines": 0, "excluded_lines": 0, "percent_statements_covered": 100.0, "percent_statements_covered_display": "100"}, "missing_lines": [], "excluded_lines": [], "start_line": 1}}, "classes": {"SQLValidator": {"executed_lines": [17, 29, 31, 33, 36, 37, 40, 41, 42, 45, 46, 49, 50, 52, 53, 54, 69, 72, 89, 91, 93, 95, 96, 98, 103, 104, 106, 118, 119, 123, 135, 136, 137], "summary": {"covered_lines": 33, "num_statements": 44, "percent_covered": 75.0, "percent_covered_display": "75", "missing_lines": 11, "excluded_lines": 0, "percent_statements_covered": 75.0, "percent_statements_covered_display": "75"}, "missing_lines": [47, 55, 56, 57, 99, 101, 120, 121, 122, 138, 140], "excluded_lines": [], "start_line": 12}, "": {"executed_lines": [3, 5, 6, 7, 9, 12, 15, 19, 59, 108, 125], "summary": {"covered_lines": 11, "num_statements": 11, "percent_covered": 100.0, "percent_covered_display": "100", "missing_lines": 0, "excluded_lines": 0, "percent_statements_covered": 100.0, "percent_statements_covered_display": "100"}, "missing_lines": [], "excluded_lines": [], "start_line": 1}}}, "pg_mcp_server\\db\\__init__.py": {"executed_lines": [3, 4, 6], "summary": {"covered_lines": 3, "num_statements": 3, "percent_covered": 100.0, "percent_covered_display": "100", "missing_lines": 0, "excluded_lines": 0, "percent_statements_covered": 100.0, "percent_statements_covered_display": "100"}, "missing_lines": [], "excluded_lines": [], "functions": {"": {"executed_lines": [3, 4, 6], "summary": {"covered_lines": 3, "num_statements": 3, "percent_covered": 100.0, "percent_covered_display": "100", "missing_lines": 0, "excluded_lines": 0, "percent_statements_covered": 100.0, "percent_statements_covered_display": "100"}, "missing_lines": [], "excluded_lines": [], "start_line": 1}}, "classes": {"": {"executed_lines": [3, 4, 6], "summary": {"covered_lines": 3, "num_statements": 3, "percent_covered": 100.0, "percent_covered_display": "100", "missing_lines": 0, "excluded_lines": 0, "percent_statements_covered": 100.0, "percent_statements_covered_display": "100"}, "missing_lines": [], "excluded_lines": [], "start_line": 1}}}, "pg_mcp_server\\db\\connection.py": {"executed_lines": [3, 5, 6, 8, 10, 13, 16, 26, 47, 53], "summary": {"covered_lines": 10, "num_statements": 27, "percent_covered": 37.03703703703704, "percent_covered_display": "37", "missing_lines": 17, "excluded_lines": 0, "percent_statements_covered": 37.03703703703704, "percent_statements_covered_display": "37"}, "missing_lines": [23, 24, 28, 30, 41, 49, 50, 51, 60, 61, 63, 64, 65, 66, 67, 68, 69], "excluded_lines": [], "functions": {"DatabasePool.__init__": {"executed_lines": [], "summary": {"covered_lines": 0, "num_statements": 2, "percent_covered": 0.0, "percent_covered_display": "0", "missing_lines": 2, "excluded_lines": 0, "percent_statements_covered": 0.0, "percent_statements_covered_display": "0"}, "missing_lines": [23, 24], "excluded_lines": [], "start_line": 16}, "DatabasePool.initialize": {"executed_lines": [], "summary": {"covered_lines": 0, "num_statements": 3, "percent_covered": 0.0, "percent_covered_display": "0", "missing_lines": 3, "excluded_lines": 0, "percent_statements_covered": 0.0, "percent_statements_covered_display": "0"}, "missing_lines": [28, 30, 41], "excluded_lines": [], "start_line": 26}, "DatabasePool.close": {"executed_lines": [], "summary": {"covered_lines": 0, "num_statements": 3, "percent_covered": 0.0, "percent_covered_display": "0", "missing_lines": 3, "excluded_lines": 0, "percent_statements_covered": 0.0, "percent_statements_covered_display": "0"}, "missing_lines": [49, 50, 51], "excluded_lines": [], "start_line": 47}, "DatabasePool.health_check": {"executed_lines": [], "summary": {"covered_lines": 0, "num_statements": 9, "percent_covered": 0.0, "percent_covered_display": "0", "missing_lines": 9, "excluded_lines": 0, "percent_statements_covered": 0.0, "percent_statements_covered_display": "0"}, "missing_lines": [60, 61, 63, 64, 65, 66, 67, 68, 69], "excluded_lines": [], "start_line": 53}, "": {"executed_lines": [3, 5, 6, 8, 10, 13, 16, 26, 47, 53], "summary": {"covered_lines": 10, "num_statements": 10, "percent_covered": 100.0, "percent_covered_display": "100", "missing_lines": 0, "excluded_lines": 0, "percent_statements_covered": 100.0, "percent_statements_covered_display": "100"}, "missing_lines": [], "excluded_lines": [], "start_line": 1}}, "classes": {"DatabasePool": {"executed_lines": [], "summary": {"covered_lines": 0, "num_statements": 17, "percent_covered": 0.0, "percent_covered_display": "0", "missing_lines": 17, "excluded_lines": 0, "percent_statements_covered": 0.0, "percent_statements_covered_display": "0"}, "missing_lines": [23, 24, 28, 30, 41, 49, 50, 51, 60, 61, 63, 64, 65, 66, 67, 68, 69], "excluded_lines": [], "start_line": 13}, "": {"executed_lines": [3, 5, 6, 8, 10, 13, 16, 26, 47, 53], "summary": {"covered_lines": 10, "num_statements": 10, "percent_covered": 100.0, "percent_covered_display": "100", "missing_lines": 0, "excluded_lines": 0, "percent_statements_covered": 100.0, "percent_statements_covered_display": "100"}, "missing_lines": [], "excluded_lines": [], "start_line": 1}}}, "pg_mcp_server\\db\\queries.py": {"executed_lines": [4, 16, 59, 77, 96, 108], "summary": {"covered_lines": 6, "num_statements": 6, "percent_covered": 100.0, "percent_covered_display": "100", "missing_lines": 0, "excluded_lines": 0, "percent_statements_covered": 100.0, "percent_statements_covered_display": "100"}, "missing_lines": [], "excluded_lines": [], "functions": {"": {"executed_lines": [4, 16, 59, 77, 96, 108], "summary": {"covered_lines": 6, "num_statements": 6, "percent_covered": 100.0, "percent_covered_display": "100", "missing_lines": 0, "excluded_lines": 0, "percent_statements_covered": 100.0, "percent_statements_covered_display": "100"}, "missing_lines": [], "excluded_lines": [], "start_line": 1}}, "classes": {"": {"executed_lines": [4, 16, 59, 77, 96, 108], "summary": {"covered_lines": 6, "num_statements": 6, "percent_covered": 100.0, "percent_covered_display": "100", "missing_lines": 0, "excluded_lines": 0, "percent_statements_covered": 100.0, "percent_statements_covered_display": "100"}, "missing_lines": [], "excluded_lines": [], "start_line": 1}}}, "pg_mcp_server\\models\\__init__.py": {"executed_lines": [3, 10, 11, 19], "summary": {"covered_lines": 4, "num_statements": 4, "percent_covered": 100.0, "percent_covered_display": "100", "missing_lines": 0, "excluded_lines": 0, "percent_statements_covered": 100.0, "percent_statements_covered_display": "100"}, "missing_lines": [], "excluded_lines": [], "functions": {"": {"executed_lines": [3, 10, 11, 19], "summary": {"covered_lines": 4, "num_statements": 4, "percent_covered": 100.0, "percent_covered_display": "100", "missing_lines": 0, "excluded_lines": 0, "percent_statements_covered": 100.0, "percent_statements_covered_display": "100"}, "missing_lines": [], "excluded_lines": [], "start_line": 1}}, "classes": {"": {"executed_lines": [3, 10, 11, 19], "summary": {"covered_lines": 4, "num_statements": 4, "percent_covered": 100.0, "percent_covered_display": "100", "missing_lines": 0, "excluded_lines": 0, "percent_statements_covered": 100.0, "percent_statements_covered_display": "100"}, "missing_lines": [], "excluded_lines": [], "start_line": 1}}}, "pg_mcp_server\\models\\errors.py": {"executed_lines": [3, 6, 9, 10, 11, 12, 13, 14, 15, 16, 17, 20, 23, 26, 29, 32, 35, 38, 41], "summary": {"covered_lines": 19, "num_statements": 19, "percent_covered": 100.0, "percent_covered_display": "100", "missing_lines": 0, "excluded_lines": 0, "percent_statements_covered": 100.0, "percent_statements_covered_display": "100"}, "missing_lines": [], "excluded_lines": [], "functions": {"": {"executed_lines": [3, 6, 9, 10, 11, 12, 13, 14, 15, 16, 17, 20, 23, 26, 29, 32, 35, 38, 41], "summary": {"covered_lines": 19, "num_statements": 19, "percent_covered": 100.0, "percent_covered_display": "100", "missing_lines": 0, "excluded_lines": 0, "percent_statements_covered": 100.0, "percent_statements_covered_display": "100"}, "missing_lines": [], "excluded_lines": [], "start_line": 1}}, "classes": {"ErrorType": {"executed_lines": [], "summary": {"covered_lines": 0, "num_statements": 0, "percent_covered": 100.0, "percent_covered_display": "100", "missing_lines": 0, "excluded_lines": 0, "percent_statements_covered": 100.0, "percent_statements_covered_display": "100"}, "missing_lines": [], "excluded_lines": [], "start_line": 6}, "ValidationError": {"executed_lines": [], "summary": {"covered_lines": 0, "num_statements": 0, "percent_covered": 100.0, "percent_covered_display": "100", "missing_lines": 0, "excluded_lines": 0, "percent_statements_covered": 100.0, "percent_statements_covered_display": "100"}, "missing_lines": [], "excluded_lines": [], "start_line": 20}, "ExecutionError": {"executed_lines": [], "summary": {"covered_lines": 0, "num_statements": 0, "percent_covered": 100.0, "percent_covered_display": "100", "missing_lines": 0, "excluded_lines": 0, "percent_statements_covered": 100.0, "percent_statements_covered_display": "100"}, "missing_lines": [], "excluded_lines": [], "start_line": 26}, "AIError": {"executed_lines": [], "summary": {"covered_lines": 0, "num_statements": 0, "percent_covered": 100.0, "percent_covered_display": "100", "missing_lines": 0, "excluded_lines": 0, "percent_statements_covered": 100.0, "percent_statements_covered_display": "100"}, "missing_lines": [], "excluded_lines": [], "start_line": 32}, "ConfigurationError": {"executed_lines": [], "summary": {"covered_lines": 0, "num_statements": 0, "percent_covered": 100.0, "percent_covered_display": "100", "missing_lines": 0, "excluded_lines": 0, "percent_statements_covered": 100.0, "percent_statements_covered_display": "100"}, "missing_lines": [], "excluded_lines": [], "start_line": 38}, "": {"executed_lines": [3, 6, 9, 10, 11, 12, 13, 14, 15, 16, 17, 20, 23, 26, 29, 32, 35, 38, 41], "summary": {"covered_lines": 19, "num_statements": 19, "percent_covered": 100.0, "percent_covered_display": "100", "missing_lines": 0, "excluded_lines": 0, "percent_statements_covered": 100.0, "percent_statements_covered_display": "100"}, "missing_lines": [], "excluded_lines": [], "start_line": 1}}}, "pg_mcp_server\\models\\query.py": {"executed_lines": [3, 5, 8, 11, 12, 15, 18, 19, 22, 25, 26, 27, 30, 33, 34, 35, 36, 39, 42, 43, 44, 45, 46], "summary": {"covered_lines": 23, "num_statements": 23, "percent_covered": 100.0, "percent_covered_display": "100", "missing_lines": 0, "excluded_lines": 0, "percent_statements_covered": 100.0, "percent_statements_covered_display": "100"}, "missing_lines": [], "excluded_lines": [], "functions": {"": {"executed_lines": [3, 5, 8, 11, 12, 15, 18, 19, 22, 25, 26, 27, 30, 33, 34, 35, 36, 39, 42, 43, 44, 45, 46], "summary": {"covered_lines": 23, "num_statements": 23, "percent_covered": 100.0, "percent_covered_display": "100", "missing_lines": 0, "excluded_lines": 0, "percent_statements_covered": 100.0, "percent_statements_covered_display": "100"}, "missing_lines": [], "excluded_lines": [], "start_line": 1}}, "classes": {"QueryRequest": {"executed_lines": [], "summary": {"covered_lines": 0, "num_statements": 0, "percent_covered": 100.0, "percent_covered_display": "100", "missing_lines": 0, "excluded_lines": 0, "percent_statements_covered": 100.0, "percent_statements_covered_display": "100"}, "missing_lines": [], "excluded_lines": [], "start_line": 8}, "ColumnMetadata": {"executed_lines": [], "summary": {"covered_lines": 0, "num_statements": 0, "percent_covered": 100.0, "percent_covered_display": "100", "missing_lines": 0, "excluded_lines": 0, "percent_statements_covered": 100.0, "percent_statements_covered_display": "100"}, "missing_lines": [], "excluded_lines": [], "start_line": 15}, "QueryMetadata": {"executed_lines": [], "summary": {"covered_lines": 0, "num_statements": 0, "percent_covered": 100.0, "percent_covered_display": "100", "missing_lines": 0, "excluded_lines": 0, "percent_statements_covered": 100.0, "percent_statements_covered_display": "100"}, "missing_lines": [], "excluded_lines": [], "start_line": 22}, "QueryResponse": {"executed_lines": [], "summary": {"covered_lines": 0, "num_statements": 0, "percent_covered": 100.0, "percent_covered_display": "100", "missing_lines": 0, "excluded_lines": 0, "percent_statements_covered": 100.0, "percent_statements_covered_display": "100"}, "missing_lines": [], "excluded_lines": [], "start_line": 30}, "QueryError": {"executed_lines": [], "summary": {"covered_lines": 0, "num_statements": 0, "percent_covered": 100.0, "percent_covered_display": "100", "missing_lines": 0, "excluded_lines": 0, "percent_statements_covered": 100.0, "percent_statements_covered_display": "100"}, "missing_lines": [], "excluded_lines": [], "start_line": 39}, "": {"executed_lines": [3, 5, 8, 11, 12, 15, 18, 19, 22, 25, 26, 27, 30, 33, 34, 35, 36, 39, 42, 43, 44, 45, 46], "summary": {"covered_lines": 23, "num_statements": 23, "percent_covered": 100.0, "percent_covered_display": "100", "missing_lines": 0, "excluded_lines": 0, "percent_statements_covered": 100.0, "percent_statements_covered_display": "100"}, "missing_lines": [], "excluded_lines": [], "start_line": 1}}}, "pg_mcp_server\\models\\schema.py": {"executed_lines": [3, 5, 8, 11, 12, 13, 14, 15, 16, 17, 18, 21, 24, 25, 26, 27, 28, 31, 34, 35, 36, 37, 40, 43, 45, 46, 47, 48, 49, 50, 51, 52, 55, 58, 59, 60, 62, 73, 74, 76, 86, 92, 102, 104, 105, 111, 112, 113, 115, 116, 117, 118, 119, 120, 124], "summary": {"covered_lines": 55, "num_statements": 57, "percent_covered": 96.49122807017544, "percent_covered_display": "96", "missing_lines": 2, "excluded_lines": 0, "percent_statements_covered": 96.49122807017544, "percent_statements_covered_display": "96"}, "missing_lines": [106, 109], "excluded_lines": [], "functions": {"DatabaseSchema.get_table": {"executed_lines": [73, 74], "summary": {"covered_lines": 2, "num_statements": 2, "percent_covered": 100.0, "percent_covered_display": "100", "missing_lines": 0, "excluded_lines": 0, "percent_statements_covered": 100.0, "percent_statements_covered_display": "100"}, "missing_lines": [], "excluded_lines": [], "start_line": 62}, "DatabaseSchema.search_tables": {"executed_lines": [86], "summary": {"covered_lines": 1, "num_statements": 1, "percent_covered": 100.0, "percent_covered_display": "100", "missing_lines": 0, "excluded_lines": 0, "percent_statements_covered": 100.0, "percent_statements_covered_display": "100"}, "missing_lines": [], "excluded_lines": [], "start_line": 76}, "DatabaseSchema.to_context_string": {"executed_lines": [102, 104, 105, 111, 112, 113, 115, 116, 117, 118, 119, 120, 124], "summary": {"covered_lines": 13, "num_statements": 15, "percent_covered": 86.66666666666667, "percent_covered_display": "87", "missing_lines": 2, "excluded_lines": 0, "percent_statements_covered": 86.66666666666667, "percent_statements_covered_display": "87"}, "missing_lines": [106, 109], "excluded_lines": [], "start_line": 92}, "": {"executed_lines": [3, 5, 8, 11, 12, 13, 14, 15, 16, 17, 18, 21, 24, 25, 26, 27, 28, 31, 34, 35, 36, 37, 40, 43, 45, 46, 47, 48, 49, 50, 51, 52, 55, 58, 59, 60, 62, 76, 92], "summary": {"covered_lines": 39, "num_statements": 39, "percent_covered": 100.0, "percent_covered_display": "100", "missing_lines": 0, "excluded_lines": 0, "percent_statements_covered": 100.0, "percent_statements_covered_display": "100"}, "missing_lines": [], "excluded_lines": [], "start_line": 1}}, "classes": {"ColumnInfo": {"executed_lines": [], "summary": {"covered_lines": 0, "num_statements": 0, "percent_covered": 100.0, "percent_covered_display": "100", "missing_lines": 0, "excluded_lines": 0, "percent_statements_covered": 100.0, "percent_statements_covered_display": "100"}, "missing_lines": [], "excluded_lines": [], "start_line": 8}, "IndexInfo": {"executed_lines": [], "summary": {"covered_lines": 0, "num_statements": 0, "percent_covered": 100.0, "percent_covered_display": "100", "missing_lines": 0, "excluded_lines": 0, "percent_statements_covered": 100.0, "percent_statements_covered_display": "100"}, "missing_lines": [], "excluded_lines": [], "start_line": 21}, "ForeignKeyInfo": {"executed_lines": [], "summary": {"covered_lines": 0, "num_statements": 0, "percent_covered": 100.0, "percent_covered_display": "100", "missing_lines": 0, "excluded_lines": 0, "percent_statements_covered": 100.0, "percent_statements_covered_display": "100"}, "missing_lines": [], "excluded_lines": [], "start_line": 31}, "TableInfo": {"executed_lines": [], "summary": {"covered_lines": 0, "num_statements": 0, "percent_covered": 100.0, "percent_covered_display": "100", "missing_lines": 0, "excluded_lines": 0, "percent_statements_covered": 100.0, "percent_statements_covered_display": "100"}, "missing_lines": [], "excluded_lines": [], "start_line": 40}, "DatabaseSchema": {"executed_lines": [73, 74, 86, 102, 104, 105, 111, 112, 113, 115, 116, 117, 118, 119, 120, 124], "summary": {"covered_lines": 16, "num_statements": 18, "percent_covered": 88.88888888888889, "percent_covered_display": "89", "missing_lines": 2, "excluded_lines": 0, "percent_statements_covered": 88.88888888888889, "percent_statements_covered_display": "89"}, "missing_lines": [106, 109], "excluded_lines": [], "start_line": 55}, "": {"executed_lines": [3, 5, 8, 11, 12, 13, 14, 15, 16, 17, 18, 21, 24, 25, 26, 27, 28, 31, 34, 35, 36, 37, 40, 43, 45, 46, 47, 48, 49, 50, 51, 52, 55, 58, 59, 60, 62, 76, 92], "summary": {"covered_lines": 39, "num_statements": 39, "percent_covered": 100.0, "percent_covered_display": "100", "missing_lines": 0, "excluded_lines": 0, "percent_statements_covered": 100.0, "percent_statements_covered_display": "100"}, "missing_lines": [], "excluded_lines": [], "start_line": 1}}}, "pg_mcp_server\\models\\security.py": {"executed_lines": [3, 4, 6, 9, 12, 13, 14, 17, 20, 21, 22, 23, 24, 25, 26, 29, 32, 33, 34, 35, 36, 37, 39, 41, 42, 43, 44, 46, 48, 49, 51, 53, 54, 56, 58, 60, 61, 62, 63, 65, 67, 68, 69, 70, 73, 76, 77, 78, 79, 80], "summary": {"covered_lines": 50, "num_statements": 51, "percent_covered": 98.03921568627452, "percent_covered_display": "98", "missing_lines": 1, "excluded_lines": 0, "percent_statements_covered": 98.03921568627452, "percent_statements_covered_display": "98"}, "missing_lines": [55], "excluded_lines": [], "functions": {"DatabaseAccessPolicy.get_table_access": {"executed_lines": [41, 42, 43, 44], "summary": {"covered_lines": 4, "num_statements": 4, "percent_covered": 100.0, "percent_covered_display": "100", "missing_lines": 0, "excluded_lines": 0, "percent_statements_covered": 100.0, "percent_statements_covered_display": "100"}, "missing_lines": [], "excluded_lines": [], "start_line": 39}, "DatabaseAccessPolicy.is_table_blocked": {"executed_lines": [48, 49], "summary": {"covered_lines": 2, "num_statements": 2, "percent_covered": 100.0, "percent_covered_display": "100", "missing_lines": 0, "excluded_lines": 0, "percent_statements_covered": 100.0, "percent_statements_covered_display": "100"}, "missing_lines": [], "excluded_lines": [], "start_line": 46}, "DatabaseAccessPolicy.get_allowed_columns": {"executed_lines": [53, 54, 56], "summary": {"covered_lines": 3, "num_statements": 4, "percent_covered": 75.0, "percent_covered_display": "75", "missing_lines": 1, "excluded_lines": 0, "percent_statements_covered": 75.0, "percent_statements_covered_display": "75"}, "missing_lines": [55], "excluded_lines": [], "start_line": 51}, "DatabaseAccessPolicy.get_denied_columns": {"executed_lines": [60, 61, 62, 63], "summary": {"covered_lines": 4, "num_statements": 4, "percent_covered": 100.0, "percent_covered_display": "100", "missing_lines": 0, "excluded_lines": 0, "percent_statements_covered": 100.0, "percent_statements_covered_display": "100"}, "missing_lines": [], "excluded_lines": [], "start_line": 58}, "DatabaseAccessPolicy.get_row_filter": {"executed_lines": [67, 68, 69, 70], "summary": {"covered_lines": 4, "num_statements": 4, "percent_covered": 100.0, "percent_covered_display": "100", "missing_lines": 0, "excluded_lines": 0, "percent_statements_covered": 100.0, "percent_statements_covered_display": "100"}, "missing_lines": [], "excluded_lines": [], "start_line": 65}, "": {"executed_lines": [3, 4, 6, 9, 12, 13, 14, 17, 20, 21, 22, 23, 24, 25, 26, 29, 32, 33, 34, 35, 36, 37, 39, 46, 51, 58, 65, 73, 76, 77, 78, 79, 80], "summary": {"covered_lines": 33, "num_statements": 33, "percent_covered": 100.0, "percent_covered_display": "100", "missing_lines": 0, "excluded_lines": 0, "percent_statements_covered": 100.0, "percent_statements_covered_display": "100"}, "missing_lines": [], "excluded_lines": [], "start_line": 1}}, "classes": {"AccessLevel": {"executed_lines": [], "summary": {"covered_lines": 0, "num_statements": 0, "percent_covered": 100.0, "percent_covered_display": "100", "missing_lines": 0, "excluded_lines": 0, "percent_statements_covered": 100.0, "percent_statements_covered_display": "100"}, "missing_lines": [], "excluded_lines": [], "start_line": 9}, "TableAccessRule": {"executed_lines": [], "summary": {"covered_lines": 0, "num_statements": 0, "percent_covered": 100.0, "percent_covered_display": "100", "missing_lines": 0, "excluded_lines": 0, "percent_statements_covered": 100.0, "percent_statements_covered_display": "100"}, "missing_lines": [], "excluded_lines": [], "start_line": 17}, "DatabaseAccessPolicy": {"executed_lines": [41, 42, 43, 44, 48, 49, 53, 54, 56, 60, 61, 62, 63, 67, 68, 69, 70], "summary": {"covered_lines": 17, "num_statements": 18, "percent_covered": 94.44444444444444, "percent_covered_display": "94", "missing_lines": 1, "excluded_lines": 0, "percent_statements_covered": 94.44444444444444, "percent_statements_covered_display": "94"}, "missing_lines": [55], "excluded_lines": [], "start_line": 29}, "SecurityValidationResult": {"executed_lines": [], "summary": {"covered_lines": 0, "num_statements": 0, "percent_covered": 100.0, "percent_covered_display": "100", "missing_lines": 0, "excluded_lines": 0, "percent_statements_covered": 100.0, "percent_statements_covered_display": "100"}, "missing_lines": [], "excluded_lines": [], "start_line": 73}, "": {"executed_lines": [3, 4, 6, 9, 12, 13, 14, 17, 20, 21, 22, 23, 24, 25, 26, 29, 32, 33, 34, 35, 36, 37, 39, 46, 51, 58, 65, 73, 76, 77, 78, 79, 80], "summary": {"covered_lines": 33, "num_statements": 33, "percent_covered": 100.0, "percent_covered_display": "100", "missing_lines": 0, "excluded_lines": 0, "percent_statements_covered": 100.0, "percent_statements_covered_display": "100"}, "missing_lines": [], "excluded_lines": [], "start_line": 1}}}, "pg_mcp_server\\multi_database_server.py": {"executed_lines": [], "summary": {"covered_lines": 0, "num_statements": 202, "percent_covered": 0.0, "percent_covered_display": "0", "missing_lines": 202, "excluded_lines": 0, "percent_statements_covered": 0.0, "percent_statements_covered_display": "0"}, "missing_lines": [3, 4, 5, 7, 8, 9, 11, 12, 13, 14, 15, 16, 17, 18, 19, 20, 21, 24, 26, 31, 32, 34, 35, 36, 37, 38, 39, 40, 42, 43, 44, 46, 47, 49, 50, 51, 53, 54, 57, 60, 61, 62, 63, 64, 65, 66, 67, 68, 69, 72, 75, 76, 78, 80, 81, 83, 84, 85, 88, 90, 95, 96, 103, 109, 116, 117, 120, 121, 122, 125, 128, 129, 136, 141, 142, 143, 144, 147, 148, 149, 152, 161, 163, 164, 170, 183, 184, 185, 186, 189, 192, 193, 194, 196, 199, 200, 211, 214, 215, 216, 217, 218, 220, 222, 225, 226, 227, 228, 230, 231, 232, 236, 237, 243, 244, 245, 246, 250, 256, 257, 260, 261, 264, 265, 269, 276, 277, 278, 284, 293, 295, 296, 297, 298, 302, 303, 304, 305, 306, 310, 313, 314, 315, 316, 323, 324, 331, 333, 334, 336, 337, 338, 339, 340, 342, 352, 353, 360, 362, 363, 366, 367, 368, 369, 370, 371, 372, 373, 374, 377, 378, 379, 380, 383, 384, 385, 387, 388, 390, 392, 393, 395, 398, 399, 406, 408, 409, 414, 416, 423, 424, 434, 436, 437, 442, 443, 444, 446, 451, 452, 455, 456], "excluded_lines": [], "functions": {"ensure_initialized": {"executed_lines": [], "summary": {"covered_lines": 0, "num_statements": 34, "percent_covered": 0.0, "percent_covered_display": "0", "missing_lines": 34, "excluded_lines": 0, "percent_statements_covered": 0.0, "percent_statements_covered_display": "0"}, "missing_lines": [75, 76, 78, 80, 81, 83, 84, 85, 88, 90, 95, 96, 103, 109, 116, 117, 120, 121, 122, 125, 128, 129, 136, 141, 142, 143, 144, 147, 148, 149, 152, 161, 163, 164], "excluded_lines": [], "start_line": 72}, "get_database_name": {"executed_lines": [], "summary": {"covered_lines": 0, "num_statements": 9, "percent_covered": 0.0, "percent_covered_display": "0", "missing_lines": 9, "excluded_lines": 0, "percent_statements_covered": 0.0, "percent_statements_covered_display": "0"}, "missing_lines": [183, 184, 185, 186, 189, 192, 193, 194, 196], "excluded_lines": [], "start_line": 170}, "query": {"executed_lines": [], "summary": {"covered_lines": 0, "num_statements": 48, "percent_covered": 0.0, "percent_covered_display": "0", "missing_lines": 48, "excluded_lines": 0, "percent_statements_covered": 0.0, "percent_statements_covered_display": "0"}, "missing_lines": [211, 214, 215, 216, 217, 218, 220, 222, 225, 226, 227, 228, 230, 231, 232, 236, 237, 243, 244, 245, 246, 250, 256, 257, 260, 261, 264, 265, 269, 276, 277, 278, 284, 293, 295, 296, 297, 298, 302, 303, 304, 305, 306, 310, 313, 314, 315, 316], "excluded_lines": [], "start_line": 200}, "list_databases": {"executed_lines": [], "summary": {"covered_lines": 0, "num_statements": 9, "percent_covered": 0.0, "percent_covered_display": "0", "missing_lines": 9, "excluded_lines": 0, "percent_statements_covered": 0.0, "percent_statements_covered_display": "0"}, "missing_lines": [331, 333, 334, 336, 337, 338, 339, 340, 342], "excluded_lines": [], "start_line": 324}, "health_check": {"executed_lines": [], "summary": {"covered_lines": 0, "num_statements": 25, "percent_covered": 0.0, "percent_covered_display": "0", "missing_lines": 25, "excluded_lines": 0, "percent_statements_covered": 0.0, "percent_statements_covered_display": "0"}, "missing_lines": [360, 362, 363, 366, 367, 368, 369, 370, 371, 372, 373, 374, 377, 378, 379, 380, 383, 384, 385, 387, 388, 390, 392, 393, 395], "excluded_lines": [], "start_line": 353}, "get_metrics": {"executed_lines": [], "summary": {"covered_lines": 0, "num_statements": 5, "percent_covered": 0.0, "percent_covered_display": "0", "missing_lines": 5, "excluded_lines": 0, "percent_statements_covered": 0.0, "percent_statements_covered_display": "0"}, "missing_lines": [406, 408, 409, 414, 416], "excluded_lines": [], "start_line": 399}, "get_rate_limit_status": {"executed_lines": [], "summary": {"covered_lines": 0, "num_statements": 9, "percent_covered": 0.0, "percent_covered_display": "0", "missing_lines": 9, "excluded_lines": 0, "percent_statements_covered": 0.0, "percent_statements_covered_display": "0"}, "missing_lines": [434, 436, 437, 442, 443, 444, 446, 451, 452], "excluded_lines": [], "start_line": 424}, "": {"executed_lines": [], "summary": {"covered_lines": 0, "num_statements": 63, "percent_covered": 0.0, "percent_covered_display": "0", "missing_lines": 63, "excluded_lines": 0, "percent_statements_covered": 0.0, "percent_statements_covered_display": "0"}, "missing_lines": [3, 4, 5, 7, 8, 9, 11, 12, 13, 14, 15, 16, 17, 18, 19, 20, 21, 24, 26, 31, 32, 34, 35, 36, 37, 38, 39, 40, 42, 43, 44, 46, 47, 49, 50, 51, 53, 54, 57, 60, 61, 62, 63, 64, 65, 66, 67, 68, 69, 72, 170, 199, 200, 323, 324, 352, 353, 398, 399, 423, 424, 455, 456], "excluded_lines": [], "start_line": 1}}, "classes": {"": {"executed_lines": [], "summary": {"covered_lines": 0, "num_statements": 202, "percent_covered": 0.0, "percent_covered_display": "0", "missing_lines": 202, "excluded_lines": 0, "percent_statements_covered": 0.0, "percent_statements_covered_display": "0"}, "missing_lines": [3, 4, 5, 7, 8, 9, 11, 12, 13, 14, 15, 16, 17, 18, 19, 20, 21, 24, 26, 31, 32, 34, 35, 36, 37, 38, 39, 40, 42, 43, 44, 46, 47, 49, 50, 51, 53, 54, 57, 60, 61, 62, 63, 64, 65, 66, 67, 68, 69, 72, 75, 76, 78, 80, 81, 83, 84, 85, 88, 90, 95, 96, 103, 109, 116, 117, 120, 121, 122, 125, 128, 129, 136, 141, 142, 143, 144, 147, 148, 149, 152, 161, 163, 164, 170, 183, 184, 185, 186, 189, 192, 193, 194, 196, 199, 200, 211, 214, 215, 216, 217, 218, 220, 222, 225, 226, 227, 228, 230, 231, 232, 236, 237, 243, 244, 245, 246, 250, 256, 257, 260, 261, 264, 265, 269, 276, 277, 278, 284, 293, 295, 296, 297, 298, 302, 303, 304, 305, 306, 310, 313, 314, 315, 316, 323, 324, 331, 333, 334, 336, 337, 338, 339, 340, 342, 352, 353, 360, 362, 363, 366, 367, 368, 369, 370, 371, 372, 373, 374, 377, 378, 379, 380, 383, 384, 385, 387, 388, 390, 392, 393, 395, 398, 399, 406, 408, 409, 414, 416, 423, 424, 434, 436, 437, 442, 443, 444, 446, 451, 452, 455, 456], "excluded_lines": [], "start_line": 1}}}, "pg_mcp_server\\server.py": {"executed_lines": [], "summary": {"covered_lines": 0, "num_statements": 4, "percent_covered": 0.0, "percent_covered_display": "0", "missing_lines": 4, "excluded_lines": 0, "percent_statements_covered": 0.0, "percent_statements_covered_display": "0"}, "missing_lines": [12, 15, 17, 18], "excluded_lines": [], "functions": {"": {"executed_lines": [], "summary": {"covered_lines": 0, "num_statements": 4, "percent_covered": 0.0, "percent_covered_display": "0", "missing_lines": 4, "excluded_lines": 0, "percent_statements_covered": 0.0, "percent_statements_covered_display": "0"}, "missing_lines": [12, 15, 17, 18], "excluded_lines": [], "start_line": 1}}, "classes": {"": {"executed_lines": [], "summary": {"covered_lines": 0, "num_statements": 4, "percent_covered": 0.0, "percent_covered_display": "0", "missing_lines": 4, "excluded_lines": 0, "percent_statements_covered": 0.0, "percent_statements_covered_display": "0"}, "missing_lines": [12, 15,
[...]
ummary": {"covered_lines": 5, "num_statements": 5, "percent_covered": 100.0, "percent_covered_display": "100", "missing_lines": 0, "excluded_lines": 0, "percent_statements_covered": 100.0, "percent_statements_covered_display": "100"}, "missing_lines": [], "excluded_lines": [], "start_line": 43}, "MetricsCollector.__init__": {"executed_lines": [62, 63, 64, 65, 66], "summary": {"covered_lines": 5, "num_statements": 5, "percent_covered": 100.0, "percent_covered_display": "100", "missing_lines": 0, "excluded_lines": 0, "percent_statements_covered": 100.0, "percent_statements_covered_display": "100"}, "missing_lines": [], "excluded_lines": [], "start_line": 55}, "MetricsCollector.increment": {"executed_lines": [77, 78, 80, 81, 83], "summary": {"covered_lines": 5, "num_statements": 5, "percent_covered": 100.0, "percent_covered_display": "100", "missing_lines": 0, "excluded_lines": 0, "percent_statements_covered": 100.0, "percent_statements_covered_display": "100"}, "missing_lines": [], "excluded_lines": [], "start_line": 68}, "MetricsCollector.set_gauge": {"executed_lines": [94, 95, 97, 98, 100], "summary": {"covered_lines": 5, "num_statements": 5, "percent_covered": 100.0, "percent_covered_display": "100", "missing_lines": 0, "excluded_lines": 0, "percent_statements_covered": 100.0, "percent_statements_covered_display": "100"}, "missing_lines": [], "excluded_lines": [], "start_line": 85}, "MetricsCollector.record_histogram": {"executed_lines": [111, 112, 114, 115, 118, 119, 121], "summary": {"covered_lines": 7, "num_statements": 7, "percent_covered": 100.0, "percent_covered_display": "100", "missing_lines": 0, "excluded_lines": 0, "percent_statements_covered": 100.0, "percent_statements_covered_display": "100"}, "missing_lines": [], "excluded_lines": [], "start_line": 102}, "MetricsCollector.record_timer": {"executed_lines": [132, 133, 135, 136, 138], "summary": {"covered_lines": 5, "num_statements": 5, "percent_covered": 100.0, "percent_covered_display": "100", "missing_lines": 0, "excluded_lines": 0, "percent_statements_covered": 100.0, "percent_statements_covered_display": "100"}, "missing_lines": [], "excluded_lines": [], "start_line": 123}, "MetricsCollector.get_counter": {"executed_lines": [142, 143], "summary": {"covered_lines": 2, "num_statements": 2, "percent_covered": 100.0, "percent_covered_display": "100", "missing_lines": 0, "excluded_lines": 0, "percent_statements_covered": 100.0, "percent_statements_covered_display": "100"}, "missing_lines": [], "excluded_lines": [], "start_line": 140}, "MetricsCollector.get_gauge": {"executed_lines": [147, 148], "summary": {"covered_lines": 2, "num_statements": 2, "percent_covered": 100.0, "percent_covered_display": "100", "missing_lines": 0, "excluded_lines": 0, "percent_statements_covered": 100.0, "percent_statements_covered_display": "100"}, "missing_lines": [], "excluded_lines": [], "start_line": 145}, "MetricsCollector.get_histogram_stats": {"executed_lines": [152, 153, 155, 156, 158, 159], "summary": {"covered_lines": 6, "num_statements": 6, "percent_covered": 100.0, "percent_covered_display": "100", "missing_lines": 0, "excluded_lines": 0, "percent_statements_covered": 100.0, "percent_statements_covered_display": "100"}, "missing_lines": [], "excluded_lines": [], "start_line": 150}, "MetricsCollector.get_timer_stats": {"executed_lines": [171, 172, 174, 175, 177], "summary": {"covered_lines": 5, "num_statements": 5, "percent_covered": 100.0, "percent_covered_display": "100", "missing_lines": 0, "excluded_lines": 0, "percent_statements_covered": 100.0, "percent_statements_covered_display": "100"}, "missing_lines": [], "excluded_lines": [], "start_line": 169}, "MetricsCollector.get_all_metrics": {"executed_lines": [187], "summary": {"covered_lines": 1, "num_statements": 1, "percent_covered": 100.0, "percent_covered_display": "100", "missing_lines": 0, "excluded_lines": 0, "percent_statements_covered": 100.0, "percent_statements_covered_display": "100"}, "missing_lines": [], "excluded_lines": [], "start_line": 185}, "MetricsCollector.reset": {"executed_lines": [202, 203, 204, 205, 206], "summary": {"covered_lines": 5, "num_statements": 5, "percent_covered": 100.0, "percent_covered_display": "100", "missing_lines": 0, "excluded_lines": 0, "percent_statements_covered": 100.0, "percent_statements_covered_display": "100"}, "missing_lines": [], "excluded_lines": [], "start_line": 200}, "MetricsCollector._make_key": {"executed_lines": [210, 211, 212, 213], "summary": {"covered_lines": 4, "num_statements": 4, "percent_covered": 100.0, "percent_covered_display": "100", "missing_lines": 0, "excluded_lines": 0, "percent_statements_covered": 100.0, "percent_statements_covered_display": "100"}, "missing_lines": [], "excluded_lines": [], "start_line": 208}, "MetricsCollector._percentile": {"executed_lines": [218, 220, 221, 222], "summary": {"covered_lines": 4, "num_statements": 5, "percent_covered": 80.0, "percent_covered_display": "80", "missing_lines": 1, "excluded_lines": 0, "percent_statements_covered": 80.0, "percent_statements_covered_display": "80"}, "missing_lines": [219], "excluded_lines": [], "start_line": 216}, "MetricsTimer.__init__": {"executed_lines": [237, 238, 239, 240], "summary": {"covered_lines": 4, "num_statements": 4, "percent_covered": 100.0, "percent_covered_display": "100", "missing_lines": 0, "excluded_lines": 0, "percent_statements_covered": 100.0, "percent_statements_covered_display": "100"}, "missing_lines": [], "excluded_lines": [], "start_line": 228}, "MetricsTimer.__enter__": {"executed_lines": [244, 245], "summary": {"covered_lines": 2, "num_statements": 2, "percent_covered": 100.0, "percent_covered_display": "100", "missing_lines": 0, "excluded_lines": 0, "percent_statements_covered": 100.0, "percent_statements_covered_display": "100"}, "missing_lines": [], "excluded_lines": [], "start_line": 242}, "MetricsTimer.__exit__": {"executed_lines": [249, 250, 251], "summary": {"covered_lines": 3, "num_statements": 3, "percent_covered": 100.0, "percent_covered_display": "100", "missing_lines": 0, "excluded_lines": 0, "percent_statements_covered": 100.0, "percent_statements_covered_display": "100"}, "missing_lines": [], "excluded_lines": [], "start_line": 247}, "": {"executed_lines": [3, 4, 5, 6, 7, 8, 10, 12, 15, 18, 19, 20, 21, 24, 25, 28, 29, 30, 33, 34, 37, 38, 39, 40, 41, 43, 52, 55, 68, 85, 102, 123, 140, 145, 150, 169, 185, 200, 208, 215, 216, 225, 228, 242, 247, 255, 259, 260, 261, 262, 265, 266, 267, 268, 271, 272, 273, 274, 275, 278, 279, 280, 281, 284, 285, 288, 289, 292, 293], "summary": {"covered_lines": 69, "num_statements": 69, "percent_covered": 100.0, "percent_covered_display": "100", "missing_lines": 0, "excluded_lines": 0, "percent_statements_covered": 100.0, "percent_statements_covered_display": "100"}, "missing_lines": [], "excluded_lines": [], "start_line": 1}}, "classes": {"MetricType": {"executed_lines": [], "summary": {"covered_lines": 0, "num_statements": 0, "percent_covered": 100.0, "percent_covered_display": "100", "missing_lines": 0, "excluded_lines": 0, "percent_statements_covered": 100.0, "percent_statements_covered_display": "100"}, "missing_lines": [], "excluded_lines": [], "start_line": 15}, "MetricValue": {"executed_lines": [], "summary": {"covered_lines": 0, "num_statements": 0, "percent_covered": 100.0, "percent_covered_display": "100", "missing_lines": 0, "excluded_lines": 0, "percent_statements_covered": 100.0, "percent_statements_covered_display": "100"}, "missing_lines": [], "excluded_lines": [], "start_line": 25}, "MetricStats": {"executed_lines": [45, 46, 47, 48, 49], "summary": {"covered_lines": 5, "num_statements": 5, "percent_covered": 100.0, "percent_covered_display": "100", "missing_lines": 0, "excluded_lines": 0, "percent_statements_covered": 100.0, "percent_statements_covered_display": "100"}, "missing_lines": [], "excluded_lines": [], "start_line": 34}, "MetricsCollector": {"executed_lines": [62, 63, 64, 65, 66, 77, 78, 80, 81, 83, 94, 95, 97, 98, 100, 111, 112, 114, 115, 118, 119, 121, 132, 133, 135, 136, 138, 142, 143, 147, 148, 152, 153, 155, 156, 158, 159, 171, 172, 174, 175, 177, 187, 202, 203, 204, 205, 206, 210, 211, 212, 213, 218, 220, 221, 222], "summary": {"covered_lines": 56, "num_statements": 57, "percent_covered": 98.24561403508773, "percent_covered_display": "98", "missing_lines": 1, "excluded_lines": 0, "percent_statements_covered": 98.24561403508773, "percent_statements_covered_display": "98"}, "missing_lines": [219], "excluded_lines": [], "start_line": 52}, "MetricsTimer": {"executed_lines": [237, 238, 239, 240, 244, 245, 249, 250, 251], "summary": {"covered_lines": 9, "num_statements": 9, "percent_covered": 100.0, "percent_covered_display": "100", "missing_lines": 0, "excluded_lines": 0, "percent_statements_covered": 100.0, "percent_statements_covered_display": "100"}, "missing_lines": [], "excluded_lines": [], "start_line": 225}, "StandardMetrics": {"executed_lines": [], "summary": {"covered_lines": 0, "num_statements": 0, "percent_covered": 100.0, "percent_covered_display": "100", "missing_lines": 0, "excluded_lines": 0, "percent_statements_covered": 100.0, "percent_statements_covered_display": "100"}, "missing_lines": [], "excluded_lines": [], "start_line": 255}, "": {"executed_lines": [3, 4, 5, 6, 7, 8, 10, 12, 15, 18, 19, 20, 21, 24, 25, 28, 29, 30, 33, 34, 37, 38, 39, 40, 41, 43, 52, 55, 68, 85, 102, 123, 140, 145, 150, 169, 185, 200, 208, 215, 216, 225, 228, 242, 247, 255, 259, 260, 261, 262, 265, 266, 267, 268, 271, 272, 273, 274, 275, 278, 279, 280, 281, 284, 285, 288, 289, 292, 293], "summary": {"covered_lines": 69, "num_statements": 69, "percent_covered": 100.0, "percent_covered_display": "100", "missing_lines": 0, "excluded_lines": 0, "percent_statements_covered": 100.0, "percent_statements_covered_display": "100"}, "missing_lines": [], "excluded_lines": [], "start_line": 1}}}, "pg_mcp_server\\utils\\rate_limiter.py": {"executed_lines": [3, 4, 5, 6, 7, 9, 11, 14, 15, 18, 19, 20, 23, 24, 27, 30, 33, 40, 41, 42, 44, 54, 55, 57, 58, 59, 62, 63, 66, 67, 69, 74, 75, 77, 85, 92, 94, 101, 103, 113, 114, 116, 117, 125, 126, 128, 135, 142, 143, 144, 145, 146, 148, 149, 152, 155], "summary": {"covered_lines": 56, "num_statements": 58, "percent_covered": 96.55172413793103, "percent_covered_display": "97", "missing_lines": 2, "excluded_lines": 0, "percent_statements_covered": 96.55172413793103, "percent_statements_covered_display": "97"}, "missing_lines": [163, 164], "excluded_lines": [], "functions": {"RateLimiter.__init__": {"executed_lines": [40, 41, 42], "summary": {"covered_lines": 3, "num_statements": 3, "percent_covered": 100.0, "percent_covered_display": "100", "missing_lines": 0, "excluded_lines": 0, "percent_statements_covered": 100.0, "percent_statements_covered_display": "100"}, "missing_lines": [], "excluded_lines": [], "start_line": 33}, "RateLimiter.check_rate_limit": {"executed_lines": [54, 55, 57, 58, 59, 62, 63, 66, 67, 69, 74, 75, 77, 85, 92, 94, 101], "summary": {"covered_lines": 17, "num_statements": 17, "percent_covered": 100.0, "percent_covered_display": "100", "missing_lines": 0, "excluded_lines": 0, "percent_statements_covered": 100.0, "percent_statements_covered_display": "100"}, "missing_lines": [], "excluded_lines": [], "start_line": 44}, "RateLimiter.get_current_usage": {"executed_lines": [113, 114, 116, 117, 125, 126, 128], "summary": {"covered_lines": 7, "num_statements": 7, "percent_covered": 100.0, "percent_covered_display": "100", "missing_lines": 0, "excluded_lines": 0, "percent_statements_covered": 100.0, "percent_statements_covered_display": "100"}, "missing_lines": [], "excluded_lines": [], "start_line": 103}, "RateLimiter.reset": {"executed_lines": [142, 143, 144, 145, 146, 148, 149], "summary": {"covered_lines": 7, "num_statements": 7, "percent_covered": 100.0, "percent_covered_display": "100", "missing_lines": 0, "excluded_lines": 0, "percent_statements_covered": 100.0, "percent_statements_covered_display": "100"}, "missing_lines": [], "excluded_lines": [], "start_line": 135}, "RateLimitError.__init__": {"executed_lines": [], "summary": {"covered_lines": 0, "num_statements": 2, "percent_covered": 0.0, "percent_covered_display": "0", "missing_lines": 2, "excluded_lines": 0, "percent_statements_covered": 0.0, "percent_statements_covered_display": "0"}, "missing_lines": [163, 164], "excluded_lines": [], "start_line": 155}, "": {"executed_lines": [3, 4, 5, 6, 7, 9, 11, 14, 15, 18, 19, 20, 23, 24, 27, 30, 33, 44, 103, 135, 152, 155], "summary": {"covered_lines": 22, "num_statements": 22, "percent_covered": 100.0, "percent_covered_display": "100", "missing_lines": 0, "excluded_lines": 0, "percent_statements_covered": 100.0, "percent_statements_covered_display": "100"}, "missing_lines": [], "excluded_lines": [], "start_line": 1}}, "classes": {"RateLimitConfig": {"executed_lines": [], "summary": {"covered_lines": 0, "num_statements": 0, "percent_covered": 100.0, "percent_covered_display": "100", "missing_lines": 0, "excluded_lines": 0, "percent_statements_covered": 100.0, "percent_statements_covered_display": "100"}, "missing_lines": [], "excluded_lines": [], "start_line": 15}, "RequestRecord": {"executed_lines": [], "summary": {"covered_lines": 0, "num_statements": 0, "percent_covered": 100.0, "percent_covered_display": "100", "missing_lines": 0, "excluded_lines": 0, "percent_statements_covered": 100.0, "percent_statements_covered_display": "100"}, "missing_lines": [], "excluded_lines": [], "start_line": 24}, "RateLimiter": {"executed_lines": [40, 41, 42, 54, 55, 57, 58, 59, 62, 63, 66, 67, 69, 74, 75, 77, 85, 92, 94, 101, 113, 114, 116, 117, 125, 126, 128, 142, 143, 144, 145, 146, 148, 149], "summary": {"covered_lines": 34, "num_statements": 34, "percent_covered": 100.0, "percent_covered_display": "100", "missing_lines": 0, "excluded_lines": 0, "percent_statements_covered": 100.0, "percent_statements_covered_display": "100"}, "missing_lines": [], "excluded_lines": [], "start_line": 30}, "RateLimitError": {"executed_lines": [], "summary": {"covered_lines": 0, "num_statements": 2, "percent_covered": 0.0, "percent_covered_display": "0", "missing_lines": 2, "excluded_lines": 0, "percent_statements_covered": 0.0, "percent_statements_covered_display": "0"}, "missing_lines": [163, 164], "excluded_lines": [], "start_line": 152}, "": {"executed_lines": [3, 4, 5, 6, 7, 9, 11, 14, 15, 18, 19, 20, 23, 24, 27, 30, 33, 44, 103, 135, 152, 155], "summary": {"covered_lines": 22, "num_statements": 22, "percent_covered": 100.0, "percent_covered_display": "100", "missing_lines": 0, "excluded_lines": 0, "percent_statements_covered": 100.0, "percent_statements_covered_display": "100"}, "missing_lines": [], "excluded_lines": [], "start_line": 1}}}, "pg_mcp_server\\utils\\retry.py": {"executed_lines": [3, 4, 5, 7, 8, 9, 11, 13, 16, 31, 32, 33, 34, 35, 36, 37, 38, 39, 40, 45, 46, 54, 55, 58, 60, 63, 78, 79, 80, 81, 82, 83, 84, 85, 90, 91, 96, 97, 105, 106, 109, 111, 114, 128, 129, 130, 131, 132, 133, 134, 138, 139, 144, 145, 153, 156, 158], "summary": {"covered_lines": 57, "num_statements": 60, "percent_covered": 95.0, "percent_covered_display": "95", "missing_lines": 3, "excluded_lines": 0, "percent_statements_covered": 95.0, "percent_statements_covered_display": "95"}, "missing_lines": [56, 107, 154], "excluded_lines": [], "functions": {"retry_on_timeout": {"executed_lines": [31, 32, 60], "summary": {"covered_lines": 3, "num_statements": 3, "percent_covered": 100.0, "percent_covered_display": "100", "missing_lines": 0, "excluded_lines": 0, "percent_statements_covered": 100.0, "percent_statements_covered_display": "100"}, "missing_lines": [], "excluded_lines": [], "start_line": 16}, "retry_on_timeout.decorator": {"executed_lines": [33, 58], "summary": {"covered_lines": 2, "num_statements": 2, "percent_covered": 100.0, "percent_covered_display": "100", "missing_lines": 0, "excluded_lines": 0, "percent_statements_covered": 100.0, "percent_statements_covered_display": "100"}, "missing_lines": [], "excluded_lines": [], "start_line": 31}, "retry_on_timeout.decorator.wrapper": {"executed_lines": [34, 35, 36, 37, 38, 39, 40, 45, 46, 54, 55], "summary": {"covered_lines": 11, "num_statements": 12, "percent_covered": 91.66666666666667, "percent_covered_display": "92", "missing_lines": 1, "excluded_lines": 0, "percent_statements_covered": 91.66666666666667, "percent_statements_covered_display": "92"}, "missing_lines": [56], "excluded_lines": [], "start_line": 33}, "retry_on_api_error": {"executed_lines": [78, 79, 111], "summary": {"covered_lines": 3, "num_statements": 3, "percent_covered": 100.0, "percent_covered_display": "100", "missing_lines": 0, "excluded_lines": 0, "percent_statements_covered": 100.0, "percent_statements_covered_display": "100"}, "missing_lines": [], "excluded_lines": [], "start_line": 63}, "retry_on_api_error.decorator": {"executed_lines": [80, 109], "summary": {"covered_lines": 2, "num_statements": 2, "percent_covered": 100.0, "percent_covered_display": "100", "missing_lines": 0, "excluded_lines": 0, "percent_statements_covered": 100.0, "percent_statements_covered_display": "100"}, "missing_lines": [], "excluded_lines": [], "start_line": 78}, "retry_on_api_error.decorator.wrapper": {"executed_lines": [81, 82, 83, 84, 85, 90, 91, 96, 97, 105, 106], "summary": {"covered_lines": 11, "num_statements": 12, "percent_covered": 91.66666666666667, "percent_covered_display": "92", "missing_lines": 1, "excluded_lines": 0, "percent_statements_covered": 91.66666666666667, "percent_statements_covered_display": "92"}, "missing_lines": [107], "excluded_lines": [], "start_line": 80}, "retry_on_db_error": {"executed_lines": [128, 129, 158], "summary": {"covered_lines": 3, "num_statements": 3, "percent_covered": 100.0, "percent_covered_display": "100", "missing_lines": 0, "excluded_lines": 0, "percent_statements_covered": 100.0, "percent_statements_covered_display": "100"}, "missing_lines": [], "excluded_lines": [], "start_line": 114}, "retry_on_db_error.decorator": {"executed_lines": [130, 156], "summary": {"covered_lines": 2, "num_statements": 2, "percent_covered": 100.0, "percent_covered_display": "100", "missing_lines": 0, "excluded_lines": 0, "percent_statements_covered": 100.0, "percent_statements_covered_display": "100"}, "missing_lines": [], "excluded_lines": [], "start_line": 128}, "retry_on_db_error.decorator.wrapper": {"executed_lines": [131, 132, 133, 134, 138, 139, 144, 145, 153], "summary": {"covered_lines": 9, "num_statements": 10, "percent_covered": 90.0, "percent_covered_display": "90", "missing_lines": 1, "excluded_lines": 0, "percent_statements_covered": 90.0, "percent_statements_covered_display": "90"}, "missing_lines": [154], "excluded_lines": [], "start_line": 130}, "": {"executed_lines": [3, 4, 5, 7, 8, 9, 11, 13, 16, 63, 114], "summary": {"covered_lines": 11, "num_statements": 11, "percent_covered": 100.0, "percent_covered_display": "100", "missing_lines": 0, "excluded_lines": 0, "percent_statements_covered": 100.0, "percent_statements_covered_display": "100"}, "missing_lines": [], "excluded_lines": [], "start_line": 1}}, "classes": {"": {"executed_lines": [3, 4, 5, 7, 8, 9, 11, 13, 16, 31, 32, 33, 34, 35, 36, 37, 38, 39, 40, 45, 46, 54, 55, 58, 60, 63, 78, 79, 80, 81, 82, 83, 84, 85, 90, 91, 96, 97, 105, 106, 109, 111, 114, 128, 129, 130, 131, 132, 133, 134, 138, 139, 144, 145, 153, 156, 158], "summary": {"covered_lines": 57, "num_statements": 60, "percent_covered": 95.0, "percent_covered_display": "95", "missing_lines": 3, "excluded_lines": 0, "percent_statements_covered": 95.0, "percent_statements_covered_display": "95"}, "missing_lines": [56, 107, 154], "excluded_lines": [], "start_line": 1}}}}, "totals": {"covered_lines": 869, "num_statements": 1403, "percent_covered": 61.93870277975766, "percent_covered_display": "62", "missing_lines": 534, "excluded_lines": 0, "percent_statements_covered": 61.93870277975766, "percent_statements_covered_display": "62"}}